--------------- Build Started: 02/17/2021 18:26:01 Project: ZumoBot, Configuration: ARM GCC 5.4-2016-q2-update Debug ---------------
The code generation step is up to date.
arm-none-eabi-gcc.exe -mcpu=cortex-m3 -mthumb -I.\ZumoLibrary -I..\FreeRTOS\Source\include -I..\FreeRTOS\Source\portable\GCC\ARM_CM3 -I..\paho.mqtt.embedded-c\MQTTClient-C\src -I..\paho.mqtt.embedded-c\MQTTClient-C\src\FreeRTOS -I..\paho.mqtt.embedded-c\MQTTPacket\src -I. -IGenerated_Source\PSoC5 -Wa,-alh=.\CortexM3\ARM_GCC_541\Debug/Beep.lst -g -D DEBUG -D MQTT_TASK -D MQTTCLIENT_PLATFORM_HEADER=MQTTFreeRTOS.h -Wall -ffunction-sections -ffat-lto-objects -Og -c ZumoLibrary\Beep.c -o .\CortexM3\ARM_GCC_541\Debug\Beep.o
In file included from Generated_Source\PSoC5/core_cm3_psoc5.h:49:0,
                 from Generated_Source\PSoC5/project.h:105,
                 from .\ZumoLibrary/FreeRTOSConfig.h:41,
                 from ..\FreeRTOS\Source\include/FreeRTOS.h:56,
                 from ZumoLibrary\Beep.c:12:
Generated_Source\PSoC5/core_cm3.h:24:0: warning: ignoring #pragma clang diagnostic [-Wunknown-pragmas]
 #pragma clang diagnostic push
 ^
Generated_Source\PSoC5/core_cm3.h:25:0: warning: ignoring #pragma clang diagnostic [-Wunknown-pragmas]
 #pragma clang diagnostic ignored "-Wint-to-pointer-cast"
 ^
In file included from Generated_Source\PSoC5/core_cm3_psoc5.h:49:0,
                 from Generated_Source\PSoC5/project.h:105,
                 from .\ZumoLibrary/FreeRTOSConfig.h:41,
                 from ..\FreeRTOS\Source\include/FreeRTOS.h:56,
                 from ZumoLibrary\Beep.c:12:
Generated_Source\PSoC5/core_cm3.h:1890:0: warning: ignoring #pragma clang diagnostic [-Wunknown-pragmas]
 #pragma clang diagnostic pop
 ^
arm-none-eabi-gcc.exe -mcpu=cortex-m3 -mthumb -I.\ZumoLibrary -I..\FreeRTOS\Source\include -I..\FreeRTOS\Source\portable\GCC\ARM_CM3 -I..\paho.mqtt.embedded-c\MQTTClient-C\src -I..\paho.mqtt.embedded-c\MQTTClient-C\src\FreeRTOS -I..\paho.mqtt.embedded-c\MQTTPacket\src -I. -IGenerated_Source\PSoC5 -Wa,-alh=.\CortexM3\ARM_GCC_541\Debug/Gyro.lst -g -D DEBUG -D MQTT_TASK -D MQTTCLIENT_PLATFORM_HEADER=MQTTFreeRTOS.h -Wall -ffunction-sections -ffat-lto-objects -Og -c ZumoLibrary\Gyro.c -o .\CortexM3\ARM_GCC_541\Debug\Gyro.o
In file included from Generated_Source\PSoC5/core_cm3_psoc5.h:49:0,
                 from Generated_Source\PSoC5/project.h:105,
                 from .\ZumoLibrary/FreeRTOSConfig.h:41,
                 from ..\FreeRTOS\Source\include/FreeRTOS.h:56,
                 from ZumoLibrary\Gyro.c:7:
Generated_Source\PSoC5/core_cm3.h:24:0: warning: ignoring #pragma clang diagnostic [-Wunknown-pragmas]
 #pragma clang diagnostic push
 ^
Generated_Source\PSoC5/core_cm3.h:25:0: warning: ignoring #pragma clang diagnostic [-Wunknown-pragmas]
 #pragma clang diagnostic ignored "-Wint-to-pointer-cast"
 ^
In file included from Generated_Source\PSoC5/core_cm3_psoc5.h:49:0,
                 from Generated_Source\PSoC5/project.h:105,
                 from .\ZumoLibrary/FreeRTOSConfig.h:41,
                 from ..\FreeRTOS\Source\include/FreeRTOS.h:56,
                 from ZumoLibrary\Gyro.c:7:
Generated_Source\PSoC5/core_cm3.h:1890:0: warning: ignoring #pragma clang diagnostic [-Wunknown-pragmas]
 #pragma clang diagnostic pop
 ^
arm-none-eabi-gcc.exe -mcpu=cortex-m3 -mthumb -I.\ZumoLibrary -I..\FreeRTOS\Source\include -I..\FreeRTOS\Source\portable\GCC\ARM_CM3 -I..\paho.mqtt.embedded-c\MQTTClient-C\src -I..\paho.mqtt.embedded-c\MQTTClient-C\src\FreeRTOS -I..\paho.mqtt.embedded-c\MQTTPacket\src -I. -IGenerated_Source\PSoC5 -Wa,-alh=.\CortexM3\ARM_GCC_541\Debug/IR.lst -g -D DEBUG -D MQTT_TASK -D MQTTCLIENT_PLATFORM_HEADER=MQTTFreeRTOS.h -Wall -ffunction-sections -ffat-lto-objects -Og -c ZumoLibrary\IR.c -o .\CortexM3\ARM_GCC_541\Debug\IR.o
arm-none-eabi-gcc.exe -mcpu=cortex-m3 -mthumb -I.\ZumoLibrary -I..\FreeRTOS\Source\include -I..\FreeRTOS\Source\portable\GCC\ARM_CM3 -I..\paho.mqtt.embedded-c\MQTTClient-C\src -I..\paho.mqtt.embedded-c\MQTTClient-C\src\FreeRTOS -I..\paho.mqtt.embedded-c\MQTTPacket\src -I. -IGenerated_Source\PSoC5 -Wa,-alh=.\CortexM3\ARM_GCC_541\Debug/Magnet.lst -g -D DEBUG -D MQTT_TASK -D MQTTCLIENT_PLATFORM_HEADER=MQTTFreeRTOS.h -Wall -ffunction-sections -ffat-lto-objects -Og -c ZumoLibrary\Magnet.c -o .\CortexM3\ARM_GCC_541\Debug\Magnet.o
In file included from Generated_Source\PSoC5/core_cm3_psoc5.h:49:0,
                 from Generated_Source\PSoC5/project.h:105,
                 from .\ZumoLibrary/FreeRTOSConfig.h:41,
                 from ..\FreeRTOS\Source\include/FreeRTOS.h:56,
                 from ZumoLibrary\Magnet.c:6:
Generated_Source\PSoC5/core_cm3.h:24:0: warning: ignoring #pragma clang diagnostic [-Wunknown-pragmas]
 #pragma clang diagnostic push
 ^
Generated_Source\PSoC5/core_cm3.h:25:0: warning: ignoring #pragma clang diagnostic [-Wunknown-pragmas]
 #pragma clang diagnostic ignored "-Wint-to-pointer-cast"
 ^
In file included from Generated_Source\PSoC5/core_cm3_psoc5.h:49:0,
                 from Generated_Source\PSoC5/project.h:105,
                 from .\ZumoLibrary/FreeRTOSConfig.h:41,
                 from ..\FreeRTOS\Source\include/FreeRTOS.h:56,
                 from ZumoLibrary\Magnet.c:6:
Generated_Source\PSoC5/core_cm3.h:1890:0: warning: ignoring #pragma clang diagnostic [-Wunknown-pragmas]
 #pragma clang diagnostic pop
 ^
arm-none-eabi-gcc.exe -mcpu=cortex-m3 -mthumb -I.\ZumoLibrary -I..\FreeRTOS\Source\include -I..\FreeRTOS\Source\portable\GCC\ARM_CM3 -I..\paho.mqtt.embedded-c\MQTTClient-C\src -I..\paho.mqtt.embedded-c\MQTTClient-C\src\FreeRTOS -I..\paho.mqtt.embedded-c\MQTTPacket\src -I. -IGenerated_Source\PSoC5 -Wa,-alh=.\CortexM3\ARM_GCC_541\Debug/Motor.lst -g -D DEBUG -D MQTT_TASK -D MQTTCLIENT_PLATFORM_HEADER=MQTTFreeRTOS.h -Wall -ffunction-sections -ffat-lto-objects -Og -c ZumoLibrary\Motor.c -o .\CortexM3\ARM_GCC_541\Debug\Motor.o
In file included from Generated_Source\PSoC5/core_cm3_psoc5.h:49:0,
                 from Generated_Source\PSoC5/project.h:105,
                 from .\ZumoLibrary/FreeRTOSConfig.h:41,
                 from ..\FreeRTOS\Source\include/FreeRTOS.h:56,
                 from ZumoLibrary\Motor.c:6:
Generated_Source\PSoC5/core_cm3.h:24:0: warning: ignoring #pragma clang diagnostic [-Wunknown-pragmas]
 #pragma clang diagnostic push
 ^
Generated_Source\PSoC5/core_cm3.h:25:0: warning: ignoring #pragma clang diagnostic [-Wunknown-pragmas]
 #pragma clang diagnostic ignored "-Wint-to-pointer-cast"
 ^
In file included from Generated_Source\PSoC5/core_cm3_psoc5.h:49:0,
                 from Generated_Source\PSoC5/project.h:105,
                 from .\ZumoLibrary/FreeRTOSConfig.h:41,
                 from ..\FreeRTOS\Source\include/FreeRTOS.h:56,
                 from ZumoLibrary\Motor.c:6:
Generated_Source\PSoC5/core_cm3.h:1890:0: warning: ignoring #pragma clang diagnostic [-Wunknown-pragmas]
 #pragma clang diagnostic pop
 ^
arm-none-eabi-gcc.exe -mcpu=cortex-m3 -mthumb -I.\ZumoLibrary -I..\FreeRTOS\Source\include -I..\FreeRTOS\Source\portable\GCC\ARM_CM3 -I..\paho.mqtt.embedded-c\MQTTClient-C\src -I..\paho.mqtt.embedded-c\MQTTClient-C\src\FreeRTOS -I..\paho.mqtt.embedded-c\MQTTPacket\src -I. -IGenerated_Source\PSoC5 -Wa,-alh=.\CortexM3\ARM_GCC_541\Debug/Nunchuk.lst -g -D DEBUG -D MQTT_TASK -D MQTTCLIENT_PLATFORM_HEADER=MQTTFreeRTOS.h -Wall -ffunction-sections -ffat-lto-objects -Og -c ZumoLibrary\Nunchuk.c -o .\CortexM3\ARM_GCC_541\Debug\Nunchuk.o
In file included from Generated_Source\PSoC5/core_cm3_psoc5.h:49:0,
                 from Generated_Source\PSoC5/project.h:105,
                 from .\ZumoLibrary/FreeRTOSConfig.h:41,
                 from ..\FreeRTOS\Source\include/FreeRTOS.h:56,
                 from ZumoLibrary\Nunchuk.c:6:
Generated_Source\PSoC5/core_cm3.h:24:0: warning: ignoring #pragma clang diagnostic [-Wunknown-pragmas]
 #pragma clang diagnostic push
 ^
Generated_Source\PSoC5/core_cm3.h:25:0: warning: ignoring #pragma clang diagnostic [-Wunknown-pragmas]
 #pragma clang diagnostic ignored "-Wint-to-pointer-cast"
 ^
In file included from Generated_Source\PSoC5/core_cm3_psoc5.h:49:0,
                 from Generated_Source\PSoC5/project.h:105,
                 from .\ZumoLibrary/FreeRTOSConfig.h:41,
                 from ..\FreeRTOS\Source\include/FreeRTOS.h:56,
                 from ZumoLibrary\Nunchuk.c:6:
Generated_Source\PSoC5/core_cm3.h:1890:0: warning: ignoring #pragma clang diagnostic [-Wunknown-pragmas]
 #pragma clang diagnostic pop
 ^
arm-none-eabi-gcc.exe -mcpu=cortex-m3 -mthumb -I.\ZumoLibrary -I..\FreeRTOS\Source\include -I..\FreeRTOS\Source\portable\GCC\ARM_CM3 -I..\paho.mqtt.embedded-c\MQTTClient-C\src -I..\paho.mqtt.embedded-c\MQTTClient-C\src\FreeRTOS -I..\paho.mqtt.embedded-c\MQTTPacket\src -I. -IGenerated_Source\PSoC5 -Wa,-alh=.\CortexM3\ARM_GCC_541\Debug/Ultra.lst -g -D DEBUG -D MQTT_TASK -D MQTTCLIENT_PLATFORM_HEADER=MQTTFreeRTOS.h -Wall -ffunction-sections -ffat-lto-objects -Og -c ZumoLibrary\Ultra.c -o .\CortexM3\ARM_GCC_541\Debug\Ultra.o
arm-none-eabi-gcc.exe -mcpu=cortex-m3 -mthumb -I.\ZumoLibrary -I..\FreeRTOS\Source\include -I..\FreeRTOS\Source\portable\GCC\ARM_CM3 -I..\paho.mqtt.embedded-c\MQTTClient-C\src -I..\paho.mqtt.embedded-c\MQTTClient-C\src\FreeRTOS -I..\paho.mqtt.embedded-c\MQTTPacket\src -I. -IGenerated_Source\PSoC5 -Wa,-alh=.\CortexM3\ARM_GCC_541\Debug/Retarget.lst -g -D DEBUG -D MQTT_TASK -D MQTTCLIENT_PLATFORM_HEADER=MQTTFreeRTOS.h -Wall -ffunction-sections -ffat-lto-objects -Og -c ZumoLibrary\Retarget.c -o .\CortexM3\ARM_GCC_541\Debug\Retarget.o
arm-none-eabi-gcc.exe -mcpu=cortex-m3 -mthumb -I.\ZumoLibrary -I..\FreeRTOS\Source\include -I..\FreeRTOS\Source\portable\GCC\ARM_CM3 -I..\paho.mqtt.embedded-c\MQTTClient-C\src -I..\paho.mqtt.embedded-c\MQTTClient-C\src\FreeRTOS -I..\paho.mqtt.embedded-c\MQTTPacket\src -I. -IGenerated_Source\PSoC5 -Wa,-alh=.\CortexM3\ARM_GCC_541\Debug/LSM303D.lst -g -D DEBUG -D MQTT_TASK -D MQTTCLIENT_PLATFORM_HEADER=MQTTFreeRTOS.h -Wall -ffunction-sections -ffat-lto-objects -Og -c ZumoLibrary\LSM303D.c -o .\CortexM3\ARM_GCC_541\Debug\LSM303D.o
In file included from Generated_Source\PSoC5/core_cm3_psoc5.h:49:0,
                 from Generated_Source\PSoC5/project.h:105,
                 from .\ZumoLibrary/FreeRTOSConfig.h:41,
                 from ..\FreeRTOS\Source\include/FreeRTOS.h:56,
                 from ZumoLibrary\LSM303D.c:14:
Generated_Source\PSoC5/core_cm3.h:24:0: warning: ignoring #pragma clang diagnostic [-Wunknown-pragmas]
 #pragma clang diagnostic push
 ^
Generated_Source\PSoC5/core_cm3.h:25:0: warning: ignoring #pragma clang diagnostic [-Wunknown-pragmas]
 #pragma clang diagnostic ignored "-Wint-to-pointer-cast"
 ^
In file included from Generated_Source\PSoC5/core_cm3_psoc5.h:49:0,
                 from Generated_Source\PSoC5/project.h:105,
                 from .\ZumoLibrary/FreeRTOSConfig.h:41,
                 from ..\FreeRTOS\Source\include/FreeRTOS.h:56,
                 from ZumoLibrary\LSM303D.c:14:
Generated_Source\PSoC5/core_cm3.h:1890:0: warning: ignoring #pragma clang diagnostic [-Wunknown-pragmas]
 #pragma clang diagnostic pop
 ^
arm-none-eabi-gcc.exe -mcpu=cortex-m3 -mthumb -I.\ZumoLibrary -I..\FreeRTOS\Source\include -I..\FreeRTOS\Source\portable\GCC\ARM_CM3 -I..\paho.mqtt.embedded-c\MQTTClient-C\src -I..\paho.mqtt.embedded-c\MQTTClient-C\src\FreeRTOS -I..\paho.mqtt.embedded-c\MQTTPacket\src -I. -IGenerated_Source\PSoC5 -Wa,-alh=.\CortexM3\ARM_GCC_541\Debug/debug_uart.lst -g -D DEBUG -D MQTT_TASK -D MQTTCLIENT_PLATFORM_HEADER=MQTTFreeRTOS.h -Wall -ffunction-sections -ffat-lto-objects -Og -c ZumoLibrary\debug_uart.c -o .\CortexM3\ARM_GCC_541\Debug\debug_uart.o
In file included from Generated_Source\PSoC5/core_cm3_psoc5.h:49:0,
                 from Generated_Source\PSoC5/project.h:105,
                 from ZumoLibrary\debug_uart.c:12:
Generated_Source\PSoC5/core_cm3.h:24:0: warning: ignoring #pragma clang diagnostic [-Wunknown-pragmas]
 #pragma clang diagnostic push
 ^
Generated_Source\PSoC5/core_cm3.h:25:0: warning: ignoring #pragma clang diagnostic [-Wunknown-pragmas]
 #pragma clang diagnostic ignored "-Wint-to-pointer-cast"
 ^
In file included from Generated_Source\PSoC5/core_cm3_psoc5.h:49:0,
                 from Generated_Source\PSoC5/project.h:105,
                 from ZumoLibrary\debug_uart.c:12:
Generated_Source\PSoC5/core_cm3.h:1890:0: warning: ignoring #pragma clang diagnostic [-Wunknown-pragmas]
 #pragma clang diagnostic pop
 ^
arm-none-eabi-gcc.exe -mcpu=cortex-m3 -mthumb -I.\ZumoLibrary -I..\FreeRTOS\Source\include -I..\FreeRTOS\Source\portable\GCC\ARM_CM3 -I..\paho.mqtt.embedded-c\MQTTClient-C\src -I..\paho.mqtt.embedded-c\MQTTClient-C\src\FreeRTOS -I..\paho.mqtt.embedded-c\MQTTPacket\src -I. -IGenerated_Source\PSoC5 -Wa,-alh=.\CortexM3\ARM_GCC_541\Debug/esp8266_socket.lst -g -D DEBUG -D MQTT_TASK -D MQTTCLIENT_PLATFORM_HEADER=MQTTFreeRTOS.h -Wall -ffunction-sections -ffat-lto-objects -Og -c ZumoLibrary\esp8266_socket.c -o .\CortexM3\ARM_GCC_541\Debug\esp8266_socket.o
In file included from Generated_Source\PSoC5/core_cm3_psoc5.h:49:0,
                 from Generated_Source\PSoC5/project.h:105,
                 from .\ZumoLibrary/FreeRTOSConfig.h:41,
                 from ..\FreeRTOS\Source\include/FreeRTOS.h:56,
                 from ZumoLibrary\esp8266_socket.c:16:
Generated_Source\PSoC5/core_cm3.h:24:0: warning: ignoring #pragma clang diagnostic [-Wunknown-pragmas]
 #pragma clang diagnostic push
 ^
Generated_Source\PSoC5/core_cm3.h:25:0: warning: ignoring #pragma clang diagnostic [-Wunknown-pragmas]
 #pragma clang diagnostic ignored "-Wint-to-pointer-cast"
 ^
In file included from Generated_Source\PSoC5/core_cm3_psoc5.h:49:0,
                 from Generated_Source\PSoC5/project.h:105,
                 from .\ZumoLibrary/FreeRTOSConfig.h:41,
                 from ..\FreeRTOS\Source\include/FreeRTOS.h:56,
                 from ZumoLibrary\esp8266_socket.c:16:
Generated_Source\PSoC5/core_cm3.h:1890:0: warning: ignoring #pragma clang diagnostic [-Wunknown-pragmas]
 #pragma clang diagnostic pop
 ^
arm-none-eabi-gcc.exe -mcpu=cortex-m3 -mthumb -I.\ZumoLibrary -I..\FreeRTOS\Source\include -I..\FreeRTOS\Source\portable\GCC\ARM_CM3 -I..\paho.mqtt.embedded-c\MQTTClient-C\src -I..\paho.mqtt.embedded-c\MQTTClient-C\src\FreeRTOS -I..\paho.mqtt.embedded-c\MQTTPacket\src -I. -IGenerated_Source\PSoC5 -Wa,-alh=.\CortexM3\ARM_GCC_541\Debug/rtos_main.lst -g -D DEBUG -D MQTT_TASK -D MQTTCLIENT_PLATFORM_HEADER=MQTTFreeRTOS.h -Wall -ffunction-sections -ffat-lto-objects -Og -c ZumoLibrary\rtos_main.c -o .\CortexM3\ARM_GCC_541\Debug\rtos_main.o
In file included from Generated_Source\PSoC5/core_cm3_psoc5.h:49:0,
                 from Generated_Source\PSoC5/project.h:105,
                 from ZumoLibrary\rtos_main.c:28:
Generated_Source\PSoC5/core_cm3.h:24:0: warning: ignoring #pragma clang diagnostic [-Wunknown-pragmas]
 #pragma clang diagnostic push
 ^
Generated_Source\PSoC5/core_cm3.h:25:0: warning: ignoring #pragma clang diagnostic [-Wunknown-pragmas]
 #pragma clang diagnostic ignored "-Wint-to-pointer-cast"
 ^
In file included from Generated_Source\PSoC5/core_cm3_psoc5.h:49:0,
                 from Generated_Source\PSoC5/project.h:105,
                 from ZumoLibrary\rtos_main.c:28:
Generated_Source\PSoC5/core_cm3.h:1890:0: warning: ignoring #pragma clang diagnostic [-Wunknown-pragmas]
 #pragma clang diagnostic pop
 ^
arm-none-eabi-gcc.exe -mcpu=cortex-m3 -mthumb -I.\ZumoLibrary -I..\FreeRTOS\Source\include -I..\FreeRTOS\Source\portable\GCC\ARM_CM3 -I..\paho.mqtt.embedded-c\MQTTClient-C\src -I..\paho.mqtt.embedded-c\MQTTClient-C\src\FreeRTOS -I..\paho.mqtt.embedded-c\MQTTPacket\src -I. -IGenerated_Source\PSoC5 -Wa,-alh=.\CortexM3\ARM_GCC_541\Debug/serial.lst -g -D DEBUG -D MQTT_TASK -D MQTTCLIENT_PLATFORM_HEADER=MQTTFreeRTOS.h -Wall -ffunction-sections -ffat-lto-objects -Og -c ZumoLibrary\serial.c -o .\CortexM3\ARM_GCC_541\Debug\serial.o
In file included from Generated_Source\PSoC5/core_cm3_psoc5.h:49:0,
                 from Generated_Source\PSoC5/project.h:105,
                 from ZumoLibrary\serial.c:28:
Generated_Source\PSoC5/core_cm3.h:24:0: warning: ignoring #pragma clang diagnostic [-Wunknown-pragmas]
 #pragma clang diagnostic push
 ^
Generated_Source\PSoC5/core_cm3.h:25:0: warning: ignoring #pragma clang diagnostic [-Wunknown-pragmas]
 #pragma clang diagnostic ignored "-Wint-to-pointer-cast"
 ^
In file included from Generated_Source\PSoC5/core_cm3_psoc5.h:49:0,
                 from Generated_Source\PSoC5/project.h:105,
                 from ZumoLibrary\serial.c:28:
Generated_Source\PSoC5/core_cm3.h:1890:0: warning: ignoring #pragma clang diagnostic [-Wunknown-pragmas]
 #pragma clang diagnostic pop
 ^
arm-none-eabi-gcc.exe -mcpu=cortex-m3 -mthumb -I.\ZumoLibrary -I..\FreeRTOS\Source\include -I..\FreeRTOS\Source\portable\GCC\ARM_CM3 -I..\paho.mqtt.embedded-c\MQTTClient-C\src -I..\paho.mqtt.embedded-c\MQTTClient-C\src\FreeRTOS -I..\paho.mqtt.embedded-c\MQTTPacket\src -I. -IGenerated_Source\PSoC5 -Wa,-alh=.\CortexM3\ARM_GCC_541\Debug/mqtt_sender.lst -g -D DEBUG -D MQTT_TASK -D MQTTCLIENT_PLATFORM_HEADER=MQTTFreeRTOS.h -Wall -ffunction-sections -ffat-lto-objects -Og -c ZumoLibrary\mqtt_sender.c -o .\CortexM3\ARM_GCC_541\Debug\mqtt_sender.o
In file included from Generated_Source\PSoC5/core_cm3_psoc5.h:49:0,
                 from Generated_Source\PSoC5/project.h:105,
                 from .\ZumoLibrary/FreeRTOSConfig.h:41,
                 from ..\FreeRTOS\Source\include/FreeRTOS.h:56,
                 from ZumoLibrary\mqtt_sender.c:9:
Generated_Source\PSoC5/core_cm3.h:24:0: warning: ignoring #pragma clang diagnostic [-Wunknown-pragmas]
 #pragma clang diagnostic push
 ^
Generated_Source\PSoC5/core_cm3.h:25:0: warning: ignoring #pragma clang diagnostic [-Wunknown-pragmas]
 #pragma clang diagnostic ignored "-Wint-to-pointer-cast"
 ^
In file included from Generated_Source\PSoC5/core_cm3_psoc5.h:49:0,
                 from Generated_Source\PSoC5/project.h:105,
                 from .\ZumoLibrary/FreeRTOSConfig.h:41,
                 from ..\FreeRTOS\Source\include/FreeRTOS.h:56,
                 from ZumoLibrary\mqtt_sender.c:9:
Generated_Source\PSoC5/core_cm3.h:1890:0: warning: ignoring #pragma clang diagnostic [-Wunknown-pragmas]
 #pragma clang diagnostic pop
 ^
arm-none-eabi-gcc.exe -mcpu=cortex-m3 -mthumb -I.\ZumoLibrary -I..\FreeRTOS\Source\include -I..\FreeRTOS\Source\portable\GCC\ARM_CM3 -I..\paho.mqtt.embedded-c\MQTTClient-C\src -I..\paho.mqtt.embedded-c\MQTTClient-C\src\FreeRTOS -I..\paho.mqtt.embedded-c\MQTTPacket\src -I. -IGenerated_Source\PSoC5 -Wa,-alh=.\CortexM3\ARM_GCC_541\Debug/serial1.lst -g -D DEBUG -D MQTT_TASK -D MQTTCLIENT_PLATFORM_HEADER=MQTTFreeRTOS.h -Wall -ffunction-sections -ffat-lto-objects -Og -c ZumoLibrary\serial1.c -o .\CortexM3\ARM_GCC_541\Debug\serial1.o
In file included from Generated_Source\PSoC5/core_cm3_psoc5.h:49:0,
                 from Generated_Source\PSoC5/project.h:105,
                 from ZumoLibrary\serial1.c:28:
Generated_Source\PSoC5/core_cm3.h:24:0: warning: ignoring #pragma clang diagnostic [-Wunknown-pragmas]
 #pragma clang diagnostic push
 ^
Generated_Source\PSoC5/core_cm3.h:25:0: warning: ignoring #pragma clang diagnostic [-Wunknown-pragmas]
 #pragma clang diagnostic ignored "-Wint-to-pointer-cast"
 ^
In file included from Generated_Source\PSoC5/core_cm3_psoc5.h:49:0,
                 from Generated_Source\PSoC5/project.h:105,
                 from ZumoLibrary\serial1.c:28:
Generated_Source\PSoC5/core_cm3.h:1890:0: warning: ignoring #pragma clang diagnostic [-Wunknown-pragmas]
 #pragma clang diagnostic pop
 ^
arm-none-eabi-gcc.exe -mcpu=cortex-m3 -mthumb -I.\ZumoLibrary -I..\FreeRTOS\Source\include -I..\FreeRTOS\Source\portable\GCC\ARM_CM3 -I..\paho.mqtt.embedded-c\MQTTClient-C\src -I..\paho.mqtt.embedded-c\MQTTClient-C\src\FreeRTOS -I..\paho.mqtt.embedded-c\MQTTPacket\src -I. -IGenerated_Source\PSoC5 -Wa,-alh=.\CortexM3\ARM_GCC_541\Debug/Reflectance.lst -g -D DEBUG -D MQTT_TASK -D MQTTCLIENT_PLATFORM_HEADER=MQTTFreeRTOS.h -Wall -ffunction-sections -ffat-lto-objects -Og -c ZumoLibrary\Reflectance.c -o .\CortexM3\ARM_GCC_541\Debug\Reflectance.o
In file included from Generated_Source\PSoC5/core_cm3_psoc5.h:49:0,
                 from Generated_Source\PSoC5/project.h:105,
                 from ZumoLibrary\Reflectance.c:8:
Generated_Source\PSoC5/core_cm3.h:24:0: warning: ignoring #pragma clang diagnostic [-Wunknown-pragmas]
 #pragma clang diagnostic push
 ^
Generated_Source\PSoC5/core_cm3.h:25:0: warning: ignoring #pragma clang diagnostic [-Wunknown-pragmas]
 #pragma clang diagnostic ignored "-Wint-to-pointer-cast"
 ^
In file included from Generated_Source\PSoC5/core_cm3_psoc5.h:49:0,
                 from Generated_Source\PSoC5/project.h:105,
                 from ZumoLibrary\Reflectance.c:8:
Generated_Source\PSoC5/core_cm3.h:1890:0: warning: ignoring #pragma clang diagnostic [-Wunknown-pragmas]
 #pragma clang diagnostic pop
 ^
arm-none-eabi-gcc.exe -mcpu=cortex-m3 -mthumb -I.\ZumoLibrary -I..\FreeRTOS\Source\include -I..\FreeRTOS\Source\portable\GCC\ARM_CM3 -I..\paho.mqtt.embedded-c\MQTTClient-C\src -I..\paho.mqtt.embedded-c\MQTTClient-C\src\FreeRTOS -I..\paho.mqtt.embedded-c\MQTTPacket\src -I. -IGenerated_Source\PSoC5 -Wa,-alh=.\CortexM3\ARM_GCC_541\Debug/simulator.lst -g -D DEBUG -D MQTT_TASK -D MQTTCLIENT_PLATFORM_HEADER=MQTTFreeRTOS.h -Wall -ffunction-sections -ffat-lto-objects -Og -c ZumoLibrary\simulator.c -o .\CortexM3\ARM_GCC_541\Debug\simulator.o
In file included from Generated_Source\PSoC5/core_cm3_psoc5.h:49:0,
                 from Generated_Source\PSoC5/project.h:105,
                 from .\ZumoLibrary/FreeRTOSConfig.h:41,
                 from ..\FreeRTOS\Source\include/FreeRTOS.h:56,
                 from ZumoLibrary\simulator.c:1:
Generated_Source\PSoC5/core_cm3.h:24:0: warning: ignoring #pragma clang diagnostic [-Wunknown-pragmas]
 #pragma clang diagnostic push
 ^
Generated_Source\PSoC5/core_cm3.h:25:0: warning: ignoring #pragma clang diagnostic [-Wunknown-pragmas]
 #pragma clang diagnostic ignored "-Wint-to-pointer-cast"
 ^
In file included from Generated_Source\PSoC5/core_cm3_psoc5.h:49:0,
                 from Generated_Source\PSoC5/project.h:105,
                 from .\ZumoLibrary/FreeRTOSConfig.h:41,
                 from ..\FreeRTOS\Source\include/FreeRTOS.h:56,
                 from ZumoLibrary\simulator.c:1:
Generated_Source\PSoC5/core_cm3.h:1890:0: warning: ignoring #pragma clang diagnostic [-Wunknown-pragmas]
 #pragma clang diagnostic pop
 ^
arm-none-eabi-gcc.exe -mcpu=cortex-m3 -mthumb -I.\ZumoLibrary -I..\FreeRTOS\Source\include -I..\FreeRTOS\Source\portable\GCC\ARM_CM3 -I..\paho.mqtt.embedded-c\MQTTClient-C\src -I..\paho.mqtt.embedded-c\MQTTClient-C\src\FreeRTOS -I..\paho.mqtt.embedded-c\MQTTPacket\src -I. -IGenerated_Source\PSoC5 -Wa,-alh=.\CortexM3\ARM_GCC_541\Debug/MQTTClient.lst -g -D DEBUG -D MQTT_TASK -D MQTTCLIENT_PLATFORM_HEADER=MQTTFreeRTOS.h -Wall -ffunction-sections -ffat-lto-objects -Og -c ..\paho.mqtt.embedded-c\MQTTClient-C\src\MQTTClient.c -o .\CortexM3\ARM_GCC_541\Debug\MQTTClient.o
In file included from Generated_Source\PSoC5/core_cm3_psoc5.h:49:0,
                 from Generated_Source\PSoC5/project.h:105,
                 from .\ZumoLibrary/FreeRTOSConfig.h:41,
                 from ..\FreeRTOS\Source\include/FreeRTOS.h:56,
                 from ..\paho.mqtt.embedded-c\MQTTClient-C\src\FreeRTOS/MQTTFreeRTOS.h:20,
                 from ..\paho.mqtt.embedded-c\MQTTClient-C\src\MQTTClient.h:52,
                 from ..\paho.mqtt.embedded-c\MQTTClient-C\src\MQTTClient.c:18:
Generated_Source\PSoC5/core_cm3.h:24:0: warning: ignoring #pragma clang diagnostic [-Wunknown-pragmas]
 #pragma clang diagnostic push
 ^
Generated_Source\PSoC5/core_cm3.h:25:0: warning: ignoring #pragma clang diagnostic [-Wunknown-pragmas]
 #pragma clang diagnostic ignored "-Wint-to-pointer-cast"
 ^
In file included from Generated_Source\PSoC5/core_cm3_psoc5.h:49:0,
                 from Generated_Source\PSoC5/project.h:105,
                 from .\ZumoLibrary/FreeRTOSConfig.h:41,
                 from ..\FreeRTOS\Source\include/FreeRTOS.h:56,
                 from ..\paho.mqtt.embedded-c\MQTTClient-C\src\FreeRTOS/MQTTFreeRTOS.h:20,
                 from ..\paho.mqtt.embedded-c\MQTTClient-C\src\MQTTClient.h:52,
                 from ..\paho.mqtt.embedded-c\MQTTClient-C\src\MQTTClient.c:18:
Generated_Source\PSoC5/core_cm3.h:1890:0: warning: ignoring #pragma clang diagnostic [-Wunknown-pragmas]
 #pragma clang diagnostic pop
 ^
arm-none-eabi-gcc.exe -mcpu=cortex-m3 -mthumb -I.\ZumoLibrary -I..\FreeRTOS\Source\include -I..\FreeRTOS\Source\portable\GCC\ARM_CM3 -I..\paho.mqtt.embedded-c\MQTTClient-C\src -I..\paho.mqtt.embedded-c\MQTTClient-C\src\FreeRTOS -I..\paho.mqtt.embedded-c\MQTTPacket\src -I. -IGenerated_Source\PSoC5 -Wa,-alh=.\CortexM3\ARM_GCC_541\Debug/MQTTFreeRTOS.lst -g -D DEBUG -D MQTT_TASK -D MQTTCLIENT_PLATFORM_HEADER=MQTTFreeRTOS.h -Wall -ffunction-sections -ffat-lto-objects -Og -c ..\paho.mqtt.embedded-c\MQTTClient-C\src\FreeRTOS\MQTTFreeRTOS.c -o .\CortexM3\ARM_GCC_541\Debug\MQTTFreeRTOS.o
In file included from Generated_Source\PSoC5/core_cm3_psoc5.h:49:0,
                 from Generated_Source\PSoC5/project.h:105,
                 from .\ZumoLibrary/FreeRTOSConfig.h:41,
                 from ..\FreeRTOS\Source\include/FreeRTOS.h:56,
                 from ..\paho.mqtt.embedded-c\MQTTClient-C\src\FreeRTOS\MQTTFreeRTOS.h:20,
                 from ..\paho.mqtt.embedded-c\MQTTClient-C\src\FreeRTOS\MQTTFreeRTOS.c:18:
Generated_Source\PSoC5/core_cm3.h:24:0: warning: ignoring #pragma clang diagnostic [-Wunknown-pragmas]
 #pragma clang diagnostic push
 ^
Generated_Source\PSoC5/core_cm3.h:25:0: warning: ignoring #pragma clang diagnostic [-Wunknown-pragmas]
 #pragma clang diagnostic ignored "-Wint-to-pointer-cast"
 ^
In file included from Generated_Source\PSoC5/core_cm3_psoc5.h:49:0,
                 from Generated_Source\PSoC5/project.h:105,
                 from .\ZumoLibrary/FreeRTOSConfig.h:41,
                 from ..\FreeRTOS\Source\include/FreeRTOS.h:56,
                 from ..\paho.mqtt.embedded-c\MQTTClient-C\src\FreeRTOS\MQTTFreeRTOS.h:20,
                 from ..\paho.mqtt.embedded-c\MQTTClient-C\src\FreeRTOS\MQTTFreeRTOS.c:18:
Generated_Source\PSoC5/core_cm3.h:1890:0: warning: ignoring #pragma clang diagnostic [-Wunknown-pragmas]
 #pragma clang diagnostic pop
 ^
arm-none-eabi-gcc.exe -mcpu=cortex-m3 -mthumb -I.\ZumoLibrary -I..\FreeRTOS\Source\include -I..\FreeRTOS\Source\portable\GCC\ARM_CM3 -I..\paho.mqtt.embedded-c\MQTTClient-C\src -I..\paho.mqtt.embedded-c\MQTTClient-C\src\FreeRTOS -I..\paho.mqtt.embedded-c\MQTTPacket\src -I. -IGenerated_Source\PSoC5 -Wa,-alh=.\CortexM3\ARM_GCC_541\Debug/croutine.lst -g -D DEBUG -D MQTT_TASK -D MQTTCLIENT_PLATFORM_HEADER=MQTTFreeRTOS.h -Wall -ffunction-sections -ffat-lto-objects -Og -c ..\FreeRTOS\Source\croutine.c -o .\CortexM3\ARM_GCC_541\Debug\croutine.o
In file included from Generated_Source\PSoC5/core_cm3_psoc5.h:49:0,
                 from Generated_Source\PSoC5/project.h:105,
                 from .\ZumoLibrary/FreeRTOSConfig.h:41,
                 from ..\FreeRTOS\Source\include/FreeRTOS.h:56,
                 from ..\FreeRTOS\Source\croutine.c:28:
Generated_Source\PSoC5/core_cm3.h:24:0: warning: ignoring #pragma clang diagnostic [-Wunknown-pragmas]
 #pragma clang diagnostic push
 ^
Generated_Source\PSoC5/core_cm3.h:25:0: warning: ignoring #pragma clang diagnostic [-Wunknown-pragmas]
 #pragma clang diagnostic ignored "-Wint-to-pointer-cast"
 ^
In file included from Generated_Source\PSoC5/core_cm3_psoc5.h:49:0,
                 from Generated_Source\PSoC5/project.h:105,
                 from .\ZumoLibrary/FreeRTOSConfig.h:41,
                 from ..\FreeRTOS\Source\include/FreeRTOS.h:56,
                 from ..\FreeRTOS\Source\croutine.c:28:
Generated_Source\PSoC5/core_cm3.h:1890:0: warning: ignoring #pragma clang diagnostic [-Wunknown-pragmas]
 #pragma clang diagnostic pop
 ^
arm-none-eabi-gcc.exe -mcpu=cortex-m3 -mthumb -I.\ZumoLibrary -I..\FreeRTOS\Source\include -I..\FreeRTOS\Source\portable\GCC\ARM_CM3 -I..\paho.mqtt.embedded-c\MQTTClient-C\src -I..\paho.mqtt.embedded-c\MQTTClient-C\src\FreeRTOS -I..\paho.mqtt.embedded-c\MQTTPacket\src -I. -IGenerated_Source\PSoC5 -Wa,-alh=.\CortexM3\ARM_GCC_541\Debug/event_groups.lst -g -D DEBUG -D MQTT_TASK -D MQTTCLIENT_PLATFORM_HEADER=MQTTFreeRTOS.h -Wall -ffunction-sections -ffat-lto-objects -Og -c ..\FreeRTOS\Source\event_groups.c -o .\CortexM3\ARM_GCC_541\Debug\event_groups.o
In file included from Generated_Source\PSoC5/core_cm3_psoc5.h:49:0,
                 from Generated_Source\PSoC5/project.h:105,
                 from .\ZumoLibrary/FreeRTOSConfig.h:41,
                 from ..\FreeRTOS\Source\include/FreeRTOS.h:56,
                 from ..\FreeRTOS\Source\event_groups.c:37:
Generated_Source\PSoC5/core_cm3.h:24:0: warning: ignoring #pragma clang diagnostic [-Wunknown-pragmas]
 #pragma clang diagnostic push
 ^
Generated_Source\PSoC5/core_cm3.h:25:0: warning: ignoring #pragma clang diagnostic [-Wunknown-pragmas]
 #pragma clang diagnostic ignored "-Wint-to-pointer-cast"
 ^
In file included from Generated_Source\PSoC5/core_cm3_psoc5.h:49:0,
                 from Generated_Source\PSoC5/project.h:105,
                 from .\ZumoLibrary/FreeRTOSConfig.h:41,
                 from ..\FreeRTOS\Source\include/FreeRTOS.h:56,
                 from ..\FreeRTOS\Source\event_groups.c:37:
Generated_Source\PSoC5/core_cm3.h:1890:0: warning: ignoring #pragma clang diagnostic [-Wunknown-pragmas]
 #pragma clang diagnostic pop
 ^
arm-none-eabi-gcc.exe -mcpu=cortex-m3 -mthumb -I.\ZumoLibrary -I..\FreeRTOS\Source\include -I..\FreeRTOS\Source\portable\GCC\ARM_CM3 -I..\paho.mqtt.embedded-c\MQTTClient-C\src -I..\paho.mqtt.embedded-c\MQTTClient-C\src\FreeRTOS -I..\paho.mqtt.embedded-c\MQTTPacket\src -I. -IGenerated_Source\PSoC5 -Wa,-alh=.\CortexM3\ARM_GCC_541\Debug/list.lst -g -D DEBUG -D MQTT_TASK -D MQTTCLIENT_PLATFORM_HEADER=MQTTFreeRTOS.h -Wall -ffunction-sections -ffat-lto-objects -Og -c ..\FreeRTOS\Source\list.c -o .\CortexM3\ARM_GCC_541\Debug\list.o
In file included from Generated_Source\PSoC5/core_cm3_psoc5.h:49:0,
                 from Generated_Source\PSoC5/project.h:105,
                 from .\ZumoLibrary/FreeRTOSConfig.h:41,
                 from ..\FreeRTOS\Source\include/FreeRTOS.h:56,
                 from ..\FreeRTOS\Source\list.c:30:
Generated_Source\PSoC5/core_cm3.h:24:0: warning: ignoring #pragma clang diagnostic [-Wunknown-pragmas]
 #pragma clang diagnostic push
 ^
Generated_Source\PSoC5/core_cm3.h:25:0: warning: ignoring #pragma clang diagnostic [-Wunknown-pragmas]
 #pragma clang diagnostic ignored "-Wint-to-pointer-cast"
 ^
In file included from Generated_Source\PSoC5/core_cm3_psoc5.h:49:0,
                 from Generated_Source\PSoC5/project.h:105,
                 from .\ZumoLibrary/FreeRTOSConfig.h:41,
                 from ..\FreeRTOS\Source\include/FreeRTOS.h:56,
                 from ..\FreeRTOS\Source\list.c:30:
Generated_Source\PSoC5/core_cm3.h:1890:0: warning: ignoring #pragma clang diagnostic [-Wunknown-pragmas]
 #pragma clang diagnostic pop
 ^
arm-none-eabi-gcc.exe -mcpu=cortex-m3 -mthumb -I.\ZumoLibrary -I..\FreeRTOS\Source\include -I..\FreeRTOS\Source\portable\GCC\ARM_CM3 -I..\paho.mqtt.embedded-c\MQTTClient-C\src -I..\paho.mqtt.embedded-c\MQTTClient-C\src\FreeRTOS -I..\paho.mqtt.embedded-c\MQTTPacket\src -I. -IGenerated_Source\PSoC5 -Wa,-alh=.\CortexM3\ARM_GCC_541\Debug/queue.lst -g -D DEBUG -D MQTT_TASK -D MQTTCLIENT_PLATFORM_HEADER=MQTTFreeRTOS.h -Wall -ffunction-sections -ffat-lto-objects -Og -c ..\FreeRTOS\Source\queue.c -o .\CortexM3\ARM_GCC_541\Debug\queue.o
In file included from Generated_Source\PSoC5/core_cm3_psoc5.h:49:0,
                 from Generated_Source\PSoC5/project.h:105,
                 from .\ZumoLibrary/FreeRTOSConfig.h:41,
                 from ..\FreeRTOS\Source\include/FreeRTOS.h:56,
                 from ..\FreeRTOS\Source\queue.c:36:
Generated_Source\PSoC5/core_cm3.h:24:0: warning: ignoring #pragma clang diagnostic [-Wunknown-pragmas]
 #pragma clang diagnostic push
 ^
Generated_Source\PSoC5/core_cm3.h:25:0: warning: ignoring #pragma clang diagnostic [-Wunknown-pragmas]
 #pragma clang diagnostic ignored "-Wint-to-pointer-cast"
 ^
In file included from Generated_Source\PSoC5/core_cm3_psoc5.h:49:0,
                 from Generated_Source\PSoC5/project.h:105,
                 from .\ZumoLibrary/FreeRTOSConfig.h:41,
                 from ..\FreeRTOS\Source\include/FreeRTOS.h:56,
                 from ..\FreeRTOS\Source\queue.c:36:
Generated_Source\PSoC5/core_cm3.h:1890:0: warning: ignoring #pragma clang diagnostic [-Wunknown-pragmas]
 #pragma clang diagnostic pop
 ^
arm-none-eabi-gcc.exe -mcpu=cortex-m3 -mthumb -I.\ZumoLibrary -I..\FreeRTOS\Source\include -I..\FreeRTOS\Source\portable\GCC\ARM_CM3 -I..\paho.mqtt.embedded-c\MQTTClient-C\src -I..\paho.mqtt.embedded-c\MQTTClient-C\src\FreeRTOS -I..\paho.mqtt.embedded-c\MQTTPacket\src -I. -IGenerated_Source\PSoC5 -Wa,-alh=.\CortexM3\ARM_GCC_541\Debug/stream_buffer.lst -g -D DEBUG -D MQTT_TASK -D MQTTCLIENT_PLATFORM_HEADER=MQTTFreeRTOS.h -Wall -ffunction-sections -ffat-lto-objects -Og -c ..\FreeRTOS\Source\stream_buffer.c -o .\CortexM3\ARM_GCC_541\Debug\stream_buffer.o
In file included from Generated_Source\PSoC5/core_cm3_psoc5.h:49:0,
                 from Generated_Source\PSoC5/project.h:105,
                 from .\ZumoLibrary/FreeRTOSConfig.h:41,
                 from ..\FreeRTOS\Source\include/FreeRTOS.h:56,
                 from ..\FreeRTOS\Source\stream_buffer.c:38:
Generated_Source\PSoC5/core_cm3.h:24:0: warning: ignoring #pragma clang diagnostic [-Wunknown-pragmas]
 #pragma clang diagnostic push
 ^
Generated_Source\PSoC5/core_cm3.h:25:0: warning: ignoring #pragma clang diagnostic [-Wunknown-pragmas]
 #pragma clang diagnostic ignored "-Wint-to-pointer-cast"
 ^
In file included from Generated_Source\PSoC5/core_cm3_psoc5.h:49:0,
                 from Generated_Source\PSoC5/project.h:105,
                 from .\ZumoLibrary/FreeRTOSConfig.h:41,
                 from ..\FreeRTOS\Source\include/FreeRTOS.h:56,
                 from ..\FreeRTOS\Source\stream_buffer.c:38:
Generated_Source\PSoC5/core_cm3.h:1890:0: warning: ignoring #pragma clang diagnostic [-Wunknown-pragmas]
 #pragma clang diagnostic pop
 ^
arm-none-eabi-gcc.exe -mcpu=cortex-m3 -mthumb -I.\ZumoLibrary -I..\FreeRTOS\Source\include -I..\FreeRTOS\Source\portable\GCC\ARM_CM3 -I..\paho.mqtt.embedded-c\MQTTClient-C\src -I..\paho.mqtt.embedded-c\MQTTClient-C\src\FreeRTOS -I..\paho.mqtt.embedded-c\MQTTPacket\src -I. -IGenerated_Source\PSoC5 -Wa,-alh=.\CortexM3\ARM_GCC_541\Debug/tasks.lst -g -D DEBUG -D MQTT_TASK -D MQTTCLIENT_PLATFORM_HEADER=MQTTFreeRTOS.h -Wall -ffunction-sections -ffat-lto-objects -Og -c ..\FreeRTOS\Source\tasks.c -o .\CortexM3\ARM_GCC_541\Debug\tasks.o
In file included from Generated_Source\PSoC5/core_cm3_psoc5.h:49:0,
                 from Generated_Source\PSoC5/project.h:105,
                 from .\ZumoLibrary/FreeRTOSConfig.h:41,
                 from ..\FreeRTOS\Source\include/FreeRTOS.h:56,
                 from ..\FreeRTOS\Source\tasks.c:38:
Generated_Source\PSoC5/core_cm3.h:24:0: warning: ignoring #pragma clang diagnostic [-Wunknown-pragmas]
 #pragma clang diagnostic push
 ^
Generated_Source\PSoC5/core_cm3.h:25:0: warning: ignoring #pragma clang diagnostic [-Wunknown-pragmas]
 #pragma clang diagnostic ignored "-Wint-to-pointer-cast"
 ^
In file included from Generated_Source\PSoC5/core_cm3_psoc5.h:49:0,
                 from Generated_Source\PSoC5/project.h:105,
                 from .\ZumoLibrary/FreeRTOSConfig.h:41,
                 from ..\FreeRTOS\Source\include/FreeRTOS.h:56,
                 from ..\FreeRTOS\Source\tasks.c:38:
Generated_Source\PSoC5/core_cm3.h:1890:0: warning: ignoring #pragma clang diagnostic [-Wunknown-pragmas]
 #pragma clang diagnostic pop
 ^
arm-none-eabi-gcc.exe -mcpu=cortex-m3 -mthumb -I.\ZumoLibrary -I..\FreeRTOS\Source\include -I..\FreeRTOS\Source\portable\GCC\ARM_CM3 -I..\paho.mqtt.embedded-c\MQTTClient-C\src -I..\paho.mqtt.embedded-c\MQTTClient-C\src\FreeRTOS -I..\paho.mqtt.embedded-c\MQTTPacket\src -I. -IGenerated_Source\PSoC5 -Wa,-alh=.\CortexM3\ARM_GCC_541\Debug/timers.lst -g -D DEBUG -D MQTT_TASK -D MQTTCLIENT_PLATFORM_HEADER=MQTTFreeRTOS.h -Wall -ffunction-sections -ffat-lto-objects -Og -c ..\FreeRTOS\Source\timers.c -o .\CortexM3\ARM_GCC_541\Debug\timers.o
In file included from Generated_Source\PSoC5/core_cm3_psoc5.h:49:0,
                 from Generated_Source\PSoC5/project.h:105,
                 from .\ZumoLibrary/FreeRTOSConfig.h:41,
                 from ..\FreeRTOS\Source\include/FreeRTOS.h:56,
                 from ..\FreeRTOS\Source\timers.c:36:
Generated_Source\PSoC5/core_cm3.h:24:0: warning: ignoring #pragma clang diagnostic [-Wunknown-pragmas]
 #pragma clang diagnostic push
 ^
Generated_Source\PSoC5/core_cm3.h:25:0: warning: ignoring #pragma clang diagnostic [-Wunknown-pragmas]
 #pragma clang diagnostic ignored "-Wint-to-pointer-cast"
 ^
In file included from Generated_Source\PSoC5/core_cm3_psoc5.h:49:0,
                 from Generated_Source\PSoC5/project.h:105,
                 from .\ZumoLibrary/FreeRTOSConfig.h:41,
                 from ..\FreeRTOS\Source\include/FreeRTOS.h:56,
                 from ..\FreeRTOS\Source\timers.c:36:
Generated_Source\PSoC5/core_cm3.h:1890:0: warning: ignoring #pragma clang diagnostic [-Wunknown-pragmas]
 #pragma clang diagnostic pop
 ^
arm-none-eabi-gcc.exe -mcpu=cortex-m3 -mthumb -I.\ZumoLibrary -I..\FreeRTOS\Source\include -I..\FreeRTOS\Source\portable\GCC\ARM_CM3 -I..\paho.mqtt.embedded-c\MQTTClient-C\src -I..\paho.mqtt.embedded-c\MQTTClient-C\src\FreeRTOS -I..\paho.mqtt.embedded-c\MQTTPacket\src -I. -IGenerated_Source\PSoC5 -Wa,-alh=.\CortexM3\ARM_GCC_541\Debug/port.lst -g -D DEBUG -D MQTT_TASK -D MQTTCLIENT_PLATFORM_HEADER=MQTTFreeRTOS.h -Wall -ffunction-sections -ffat-lto-objects -Og -c ..\FreeRTOS\Source\portable\GCC\ARM_CM3\port.c -o .\CortexM3\ARM_GCC_541\Debug\port.o
In file included from Generated_Source\PSoC5/core_cm3_psoc5.h:49:0,
                 from Generated_Source\PSoC5/project.h:105,
                 from .\ZumoLibrary/FreeRTOSConfig.h:41,
                 from ..\FreeRTOS\Source\include/FreeRTOS.h:56,
                 from ..\FreeRTOS\Source\portable\GCC\ARM_CM3\port.c:33:
Generated_Source\PSoC5/core_cm3.h:24:0: warning: ignoring #pragma clang diagnostic [-Wunknown-pragmas]
 #pragma clang diagnostic push
 ^
Generated_Source\PSoC5/core_cm3.h:25:0: warning: ignoring #pragma clang diagnostic [-Wunknown-pragmas]
 #pragma clang diagnostic ignored "-Wint-to-pointer-cast"
 ^
In file included from Generated_Source\PSoC5/core_cm3_psoc5.h:49:0,
                 from Generated_Source\PSoC5/project.h:105,
                 from .\ZumoLibrary/FreeRTOSConfig.h:41,
                 from ..\FreeRTOS\Source\include/FreeRTOS.h:56,
                 from ..\FreeRTOS\Source\portable\GCC\ARM_CM3\port.c:33:
Generated_Source\PSoC5/core_cm3.h:1890:0: warning: ignoring #pragma clang diagnostic [-Wunknown-pragmas]
 #pragma clang diagnostic pop
 ^
arm-none-eabi-gcc.exe -mcpu=cortex-m3 -mthumb -I.\ZumoLibrary -I..\FreeRTOS\Source\include -I..\FreeRTOS\Source\portable\GCC\ARM_CM3 -I..\paho.mqtt.embedded-c\MQTTClient-C\src -I..\paho.mqtt.embedded-c\MQTTClient-C\src\FreeRTOS -I..\paho.mqtt.embedded-c\MQTTPacket\src -I. -IGenerated_Source\PSoC5 -Wa,-alh=.\CortexM3\ARM_GCC_541\Debug/heap_2.lst -g -D DEBUG -D MQTT_TASK -D MQTTCLIENT_PLATFORM_HEADER=MQTTFreeRTOS.h -Wall -ffunction-sections -ffat-lto-objects -Og -c ..\FreeRTOS\Source\portable\MemMang\heap_2.c -o .\CortexM3\ARM_GCC_541\Debug\heap_2.o
In file included from Generated_Source\PSoC5/core_cm3_psoc5.h:49:0,
                 from Generated_Source\PSoC5/project.h:105,
                 from .\ZumoLibrary/FreeRTOSConfig.h:41,
                 from ..\FreeRTOS\Source\include/FreeRTOS.h:56,
                 from ..\FreeRTOS\Source\portable\MemMang\heap_2.c:44:
Generated_Source\PSoC5/core_cm3.h:24:0: warning: ignoring #pragma clang diagnostic [-Wunknown-pragmas]
 #pragma clang diagnostic push
 ^
Generated_Source\PSoC5/core_cm3.h:25:0: warning: ignoring #pragma clang diagnostic [-Wunknown-pragmas]
 #pragma clang diagnostic ignored "-Wint-to-pointer-cast"
 ^
In file included from Generated_Source\PSoC5/core_cm3_psoc5.h:49:0,
                 from Generated_Source\PSoC5/project.h:105,
                 from .\ZumoLibrary/FreeRTOSConfig.h:41,
                 from ..\FreeRTOS\Source\include/FreeRTOS.h:56,
                 from ..\FreeRTOS\Source\portable\MemMang\heap_2.c:44:
Generated_Source\PSoC5/core_cm3.h:1890:0: warning: ignoring #pragma clang diagnostic [-Wunknown-pragmas]
 #pragma clang diagnostic pop
 ^
arm-none-eabi-gcc.exe -mcpu=cortex-m3 -mthumb -I.\ZumoLibrary -I..\FreeRTOS\Source\include -I..\FreeRTOS\Source\portable\GCC\ARM_CM3 -I..\paho.mqtt.embedded-c\MQTTClient-C\src -I..\paho.mqtt.embedded-c\MQTTClient-C\src\FreeRTOS -I..\paho.mqtt.embedded-c\MQTTPacket\src -I. -IGenerated_Source\PSoC5 -Wa,-alh=.\CortexM3\ARM_GCC_541\Debug/main.lst -g -D DEBUG -D MQTT_TASK -D MQTTCLIENT_PLATFORM_HEADER=MQTTFreeRTOS.h -Wall -ffunction-sections -ffat-lto-objects -Og -c main.c -o .\CortexM3\ARM_GCC_541\Debug\main.o
In file included from Generated_Source\PSoC5/core_cm3_psoc5.h:49:0,
                 from Generated_Source\PSoC5/project.h:105,
                 from main.c:32:
Generated_Source\PSoC5/core_cm3.h:24:0: warning: ignoring #pragma clang diagnostic [-Wunknown-pragmas]
 #pragma clang diagnostic push
 ^
Generated_Source\PSoC5/core_cm3.h:25:0: warning: ignoring #pragma clang diagnostic [-Wunknown-pragmas]
 #pragma clang diagnostic ignored "-Wint-to-pointer-cast"
 ^
In file included from Generated_Source\PSoC5/core_cm3_psoc5.h:49:0,
                 from Generated_Source\PSoC5/project.h:105,
                 from main.c:32:
Generated_Source\PSoC5/core_cm3.h:1890:0: warning: ignoring #pragma clang diagnostic [-Wunknown-pragmas]
 #pragma clang diagnostic pop
 ^
arm-none-eabi-ar.exe -rs .\CortexM3\ARM_GCC_541\Debug\ZumoBot.a .\CortexM3\ARM_GCC_541\Debug\PWM.o .\CortexM3\ARM_GCC_541\Debug\PWM_PM.o .\CortexM3\ARM_GCC_541\Debug\Clock_1.o .\CortexM3\ARM_GCC_541\Debug\MotorPwmLeft.o .\CortexM3\ARM_GCC_541\Debug\MotorPwmRight.o .\CortexM3\ARM_GCC_541\Debug\SDA_1.o .\CortexM3\ARM_GCC_541\Debug\SCL_1.o .\CortexM3\ARM_GCC_541\Debug\I2C.o .\CortexM3\ARM_GCC_541\Debug\I2C_BOOT.o .\CortexM3\ARM_GCC_541\Debug\I2C_INT.o .\CortexM3\ARM_GCC_541\Debug\I2C_PM.o .\CortexM3\ARM_GCC_541\Debug\I2C_SLAVE.o .\CortexM3\ARM_GCC_541\Debug\I2C_MASTER.o .\CortexM3\ARM_GCC_541\Debug\UART_1.o .\CortexM3\ARM_GCC_541\Debug\UART_1_PM.o .\CortexM3\ARM_GCC_541\Debug\UART_1_INT.o .\CortexM3\ARM_GCC_541\Debug\UART_1_BOOT.o .\CortexM3\ARM_GCC_541\Debug\MotorDirLeft.o .\CortexM3\ARM_GCC_541\Debug\MotorDirRight.o .\CortexM3\ARM_GCC_541\Debug\L3.o .\CortexM3\ARM_GCC_541\Debug\Timer_L3.o .\CortexM3\ARM_GCC_541\Debug\Timer_L3_PM.o .\CortexM3\ARM_GCC_541\Debug\Timer_R3.o .\CortexM3\ARM_GCC_541\Debug\Timer_R3_PM.o .\CortexM3\ARM_GCC_541\Debug\Refl_led.o .\CortexM3\ARM_GCC_541\Debug\Timer_R1.o .\CortexM3\ARM_GCC_541\Debug\Timer_R1_PM.o .\CortexM3\ARM_GCC_541\Debug\R1.o .\CortexM3\ARM_GCC_541\Debug\sensor_isr.o .\CortexM3\ARM_GCC_541\Debug\R3.o .\CortexM3\ARM_GCC_541\Debug\Timer_L1.o .\CortexM3\ARM_GCC_541\Debug\Timer_L1_PM.o .\CortexM3\ARM_GCC_541\Debug\L1.o .\CortexM3\ARM_GCC_541\Debug\Battery_pin.o .\CortexM3\ARM_GCC_541\Debug\ADC_Battery.o .\CortexM3\ARM_GCC_541\Debug\ADC_Battery_INT.o .\CortexM3\ARM_GCC_541\Debug\ADC_Battery_PM.o .\CortexM3\ARM_GCC_541\Debug\BatteryLed.o .\CortexM3\ARM_GCC_541\Debug\IR_receiver.o .\CortexM3\ARM_GCC_541\Debug\Trig.o .\CortexM3\ARM_GCC_541\Debug\timer_clock_4.o .\CortexM3\ARM_GCC_541\Debug\Timer.o .\CortexM3\ARM_GCC_541\Debug\Timer_PM.o .\CortexM3\ARM_GCC_541\Debug\Echo.o .\CortexM3\ARM_GCC_541\Debug\ultra_isr.o .\CortexM3\ARM_GCC_541\Debug\Buzzer.o .\CortexM3\ARM_GCC_541\Debug\Buzzer_PWM.o .\CortexM3\ARM_GCC_541\Debug\Buzzer_PWM_PM.o .\CortexM3\ARM_GCC_541\Debug\Clock_2.o .\CortexM3\ARM_GCC_541\Debug\IR_isr.o .\CortexM3\ARM_GCC_541\Debug\Timer_IR.o .\CortexM3\ARM_GCC_541\Debug\Timer_IR_PM.o .\CortexM3\ARM_GCC_541\Debug\SW1.o .\CortexM3\ARM_GCC_541\Debug\Timer_R2.o .\CortexM3\ARM_GCC_541\Debug\Timer_R2_PM.o .\CortexM3\ARM_GCC_541\Debug\Timer_L2.o .\CortexM3\ARM_GCC_541\Debug\Timer_L2_PM.o .\CortexM3\ARM_GCC_541\Debug\L2.o .\CortexM3\ARM_GCC_541\Debug\R2.o .\CortexM3\ARM_GCC_541\Debug\ShieldLed.o .\CortexM3\ARM_GCC_541\Debug\RTC.o .\CortexM3\ARM_GCC_541\Debug\RTC_INT.o .\CortexM3\ARM_GCC_541\Debug\Timer_Reset.o .\CortexM3\ARM_GCC_541\Debug\Timer_Reset_PM.o .\CortexM3\ARM_GCC_541\Debug\Clock_3.o .\CortexM3\ARM_GCC_541\Debug\Pin_A5.o .\CortexM3\ARM_GCC_541\Debug\Pin_A4.o .\CortexM3\ARM_GCC_541\Debug\UART_2.o .\CortexM3\ARM_GCC_541\Debug\UART_2_PM.o .\CortexM3\ARM_GCC_541\Debug\UART_2_INT.o .\CortexM3\ARM_GCC_541\Debug\UART_2_BOOT.o .\CortexM3\ARM_GCC_541\Debug\isr_U2_TX.o .\CortexM3\ARM_GCC_541\Debug\isr_U2_RX.o .\CortexM3\ARM_GCC_541\Debug\StatisticsCounter.o .\CortexM3\ARM_GCC_541\Debug\StatisticsCounter_PM.o .\CortexM3\ARM_GCC_541\Debug\RST_E.o .\CortexM3\ARM_GCC_541\Debug\isr_U1_TX.o .\CortexM3\ARM_GCC_541\Debug\isr_U1_RX.o .\CortexM3\ARM_GCC_541\Debug\UART_1_IntClock.o .\CortexM3\ARM_GCC_541\Debug\ADC_Battery_IRQ.o .\CortexM3\ARM_GCC_541\Debug\ADC_Battery_theACLK.o .\CortexM3\ARM_GCC_541\Debug\ADC_Battery_Bypass.o .\CortexM3\ARM_GCC_541\Debug\UART_2_IntClock.o .\CortexM3\ARM_GCC_541\Debug\CyDmac.o .\CortexM3\ARM_GCC_541\Debug\CyFlash.o .\CortexM3\ARM_GCC_541\Debug\CyLib.o .\CortexM3\ARM_GCC_541\Debug\cyPm.o .\CortexM3\ARM_GCC_541\Debug\CySpc.o .\CortexM3\ARM_GCC_541\Debug\cyutils.o .\CortexM3\ARM_GCC_541\Debug\cy_em_eeprom.o .\CortexM3\ARM_GCC_541\Debug\CyBootAsmGnu.o
arm-none-eabi-ar.exe: creating .\CortexM3\ARM_GCC_541\Debug\ZumoBot.a
arm-none-eabi-gcc.exe -Wl,--start-group -o C:\Users\josephh\Desktop\Robo-3028\Zumo\ZumoBot.cydsn\CortexM3\ARM_GCC_541\Debug\ZumoBot.elf .\CortexM3\ARM_GCC_541\Debug\Beep.o .\CortexM3\ARM_GCC_541\Debug\Gyro.o .\CortexM3\ARM_GCC_541\Debug\IR.o .\CortexM3\ARM_GCC_541\Debug\Magnet.o .\CortexM3\ARM_GCC_541\Debug\Motor.o .\CortexM3\ARM_GCC_541\Debug\Nunchuk.o .\CortexM3\ARM_GCC_541\Debug\Ultra.o .\CortexM3\ARM_GCC_541\Debug\Retarget.o .\CortexM3\ARM_GCC_541\Debug\I2C_Common.o .\CortexM3\ARM_GCC_541\Debug\LSM303D.o .\CortexM3\ARM_GCC_541\Debug\debug_uart.o .\CortexM3\ARM_GCC_541\Debug\esp8266_socket.o .\CortexM3\ARM_GCC_541\Debug\rtos_main.o .\CortexM3\ARM_GCC_541\Debug\serial.o .\CortexM3\ARM_GCC_541\Debug\mqtt_sender.o .\CortexM3\ARM_GCC_541\Debug\serial1.o .\CortexM3\ARM_GCC_541\Debug\Reflectance.o .\CortexM3\ARM_GCC_541\Debug\simulator.o .\CortexM3\ARM_GCC_541\Debug\MQTTClient.o .\CortexM3\ARM_GCC_541\Debug\MQTTFreeRTOS.o .\CortexM3\ARM_GCC_541\Debug\MQTTConnectClient.o .\CortexM3\ARM_GCC_541\Debug\MQTTConnectServer.o .\CortexM3\ARM_GCC_541\Debug\MQTTDeserializePublish.o .\CortexM3\ARM_GCC_541\Debug\MQTTFormat.o .\CortexM3\ARM_GCC_541\Debug\MQTTPacket.o .\CortexM3\ARM_GCC_541\Debug\MQTTSerializePublish.o .\CortexM3\ARM_GCC_541\Debug\MQTTSubscribeClient.o .\CortexM3\ARM_GCC_541\Debug\MQTTSubscribeServer.o .\CortexM3\ARM_GCC_541\Debug\MQTTUnsubscribeClient.o .\CortexM3\ARM_GCC_541\Debug\MQTTUnsubscribeServer.o .\CortexM3\ARM_GCC_541\Debug\croutine.o .\CortexM3\ARM_GCC_541\Debug\event_groups.o .\CortexM3\ARM_GCC_541\Debug\list.o .\CortexM3\ARM_GCC_541\Debug\queue.o .\CortexM3\ARM_GCC_541\Debug\stream_buffer.o .\CortexM3\ARM_GCC_541\Debug\tasks.o .\CortexM3\ARM_GCC_541\Debug\timers.o .\CortexM3\ARM_GCC_541\Debug\port.o .\CortexM3\ARM_GCC_541\Debug\heap_2.o .\CortexM3\ARM_GCC_541\Debug\main.o .\CortexM3\ARM_GCC_541\Debug\cyfitter_cfg.o .\CortexM3\ARM_GCC_541\Debug\cymetadata.o .\CortexM3\ARM_GCC_541\Debug\Cm3Start.o .\CortexM3\ARM_GCC_541\Debug\ZumoBot.a "C:\Program Files (x86)\Cypress\PSoC Creator\4.3\PSoC Creator\psoc\content\cycomponentlibrary\CyComponentLibrary.cylib\CortexM3\ARM_GCC_541\Debug\CyComponentLibrary.a" -mcpu=cortex-m3 -mthumb -l m -L Generated_Source\PSoC5 -Wl,-Map,.\CortexM3\ARM_GCC_541\Debug/ZumoBot.map -T Generated_Source\PSoC5\cm3gcc.ld -Wl,--gc-sections -g -ffunction-sections -Og -ffat-lto-objects -Wl,--end-group
cyelftool.exe -C C:\Users\josephh\Desktop\Robo-3028\Zumo\ZumoBot.cydsn\CortexM3\ARM_GCC_541\Debug\ZumoBot.elf --flash_row_size 256 --flash_size 262144 --flash_offset 0x00000000
No ELF section .cychecksum found, creating one
Application checksum calculated and stored in ELF section .cychecksum
Checksum calculated and stored in ELF section .cymeta
cyelftool.exe -S C:\Users\josephh\Desktop\Robo-3028\Zumo\ZumoBot.cydsn\CortexM3\ARM_GCC_541\Debug\ZumoBot.elf
Flash used: 35268 of 262144 bytes (13.5%).
SRAM used: 52513 of 65536 bytes (80.1%). Stack: 2048 bytes. Heap: 8192 bytes.
--------------- Build Succeeded: 02/17/2021 18:26:39 ---------------
