ARM GAS  C:\Users\josephh\AppData\Local\Temp\ccwvwKvF.s 			page 1


   1              		.syntax unified
   2              		.cpu cortex-m3
   3              		.fpu softvfp
   4              		.eabi_attribute 20, 1
   5              		.eabi_attribute 21, 1
   6              		.eabi_attribute 23, 3
   7              		.eabi_attribute 24, 1
   8              		.eabi_attribute 25, 1
   9              		.eabi_attribute 26, 1
  10              		.eabi_attribute 30, 1
  11              		.eabi_attribute 34, 1
  12              		.eabi_attribute 18, 4
  13              		.thumb
  14              		.syntax unified
  15              		.file	"main.c"
  16              		.text
  17              	.Ltext0:
  18              		.cfi_sections	.debug_frame
  19              		.section	.text.progStart,"ax",%progbits
  20              		.align	2
  21              		.global	progStart
  22              		.thumb
  23              		.thumb_func
  24              		.type	progStart, %function
  25              	progStart:
  26              	.LFB86:
  27              		.file 1 "main.c"
   1:main.c        **** /**
   2:main.c        **** * @mainpage ZumoBot Project
   3:main.c        **** * @brief    You can make your own ZumoBot with various sensors.
   4:main.c        **** * @details  <br><br>
   5:main.c        ****     <p>
   6:main.c        ****     <B>General</B><br>
   7:main.c        ****     You will use Pololu Zumo Shields for your robot project with CY8CKIT-059(PSoC 5LP) from Cypress
   8:main.c        ****     library has basic methods of various sensors and communications so that you can make what you w
   9:main.c        ****     <br><br>
  10:main.c        ****     </p>
  11:main.c        ****     
  12:main.c        ****     <p>
  13:main.c        ****     <B>Sensors</B><br>
  14:main.c        ****     &nbsp;Included: <br>
  15:main.c        ****         &nbsp;&nbsp;&nbsp;&nbsp;LSM303D: Accelerometer & Magnetometer<br>
  16:main.c        ****         &nbsp;&nbsp;&nbsp;&nbsp;L3GD20H: Gyroscope<br>
  17:main.c        ****         &nbsp;&nbsp;&nbsp;&nbsp;Reflectance sensor<br>
  18:main.c        ****         &nbsp;&nbsp;&nbsp;&nbsp;Motors
  19:main.c        ****     &nbsp;Wii nunchuck<br>
  20:main.c        ****     &nbsp;TSOP-2236: IR Receiver<br>
  21:main.c        ****     &nbsp;HC-SR04: Ultrasonic sensor<br>
  22:main.c        ****     &nbsp;APDS-9301: Ambient light sensor<br>
  23:main.c        ****     &nbsp;IR LED <br><br><br>
  24:main.c        ****     </p>
  25:main.c        ****     
  26:main.c        ****     <p>
  27:main.c        ****     <B>Communication</B><br>
  28:main.c        ****     I2C, UART, Serial<br>
  29:main.c        ****     </p>
  30:main.c        **** */
ARM GAS  C:\Users\josephh\AppData\Local\Temp\ccwvwKvF.s 			page 2


  31:main.c        **** 
  32:main.c        **** #include <project.h>
  33:main.c        **** #include <stdio.h>
  34:main.c        **** #include "FreeRTOS.h"
  35:main.c        **** #include "task.h"
  36:main.c        **** #include "Motor.h"
  37:main.c        **** #include "Ultra.h"
  38:main.c        **** #include "Nunchuk.h"
  39:main.c        **** #include "Reflectance.h"
  40:main.c        **** #include "Gyro.h"
  41:main.c        **** #include "Accel_magnet.h"
  42:main.c        **** #include "LSM303D.h"
  43:main.c        **** #include "IR.h"
  44:main.c        **** #include "Beep.h"
  45:main.c        **** #include "mqtt_sender.h"
  46:main.c        **** #include <time.h>
  47:main.c        **** #include <sys/time.h>
  48:main.c        **** #include "serial1.h"
  49:main.c        **** #include <unistd.h>
  50:main.c        **** #include<stdlib.h>
  51:main.c        **** 
  52:main.c        **** #define ON 1
  53:main.c        **** #define OFF 0
  54:main.c        **** 
  55:main.c        **** #define PRESSED 0
  56:main.c        **** #define RELEASED 1
  57:main.c        **** 
  58:main.c        **** #define WAITING 1
  59:main.c        **** 
  60:main.c        **** #define BLACK 1 
  61:main.c        **** #define WHITE 0
  62:main.c        **** #define STOP 2
  63:main.c        **** 
  64:main.c        **** void drive_to_first_line(struct sensors_ *dig);
  65:main.c        **** void progStart(uint32_t delay);
  66:main.c        **** void progEnd(void);
  67:main.c        **** 
  68:main.c        **** /**
  69:main.c        ****  * @file    main.c
  70:main.c        ****  * @brief   
  71:main.c        ****  * @details  ** Enable global interrupt since Zumo library uses interrupts. **<br>&nbsp;&nbsp;&nbsp
  72:main.c        **** */
  73:main.c        **** //week 4 Assignment 1
  74:main.c        **** #if 1
  75:main.c        ****     
  76:main.c        **** 
  77:main.c        ****     
  78:main.c        **** void zmain(void) {
  79:main.c        ****     const char *prompt = "Joe/Elapsed";
  80:main.c        ****     unsigned int count = 0;
  81:main.c        ****     struct sensors_ dig;
  82:main.c        ****     TickType_t start_T = 0;
  83:main.c        ****     TickType_t stop_T = 0;
  84:main.c        ****     
  85:main.c        ****     IR_Start();
  86:main.c        ****     reflectance_start();
  87:main.c        ****     reflectance_set_threshold(15000, 15000, 11000, 11000, 15000, 15000);
ARM GAS  C:\Users\josephh\AppData\Local\Temp\ccwvwKvF.s 			page 3


  88:main.c        ****     motor_start(); // start motors
  89:main.c        ****     motor_forward(0,0);
  90:main.c        ****     progStart(1000);
  91:main.c        ****     drive_to_first_line(&dig);
  92:main.c        ****     start_T = xTaskGetTickCount();
  93:main.c        ****     motor_forward(255,0);
  94:main.c        ****     while(count < STOP){
  95:main.c        ****     
  96:main.c        ****         reflectance_digital(&dig); 
  97:main.c        ****         if(dig.L3 == BLACK && dig.R3 == BLACK){
  98:main.c        ****             
  99:main.c        ****             count++;
 100:main.c        ****             stop_T = xTaskGetTickCount();           
 101:main.c        ****             while((dig.L3 == BLACK && dig.R3 == BLACK ) && count < STOP){
 102:main.c        ****                 reflectance_digital(&dig);
 103:main.c        ****             }
 104:main.c        ****             
 105:main.c        ****         }
 106:main.c        ****     }
 107:main.c        ****     print_mqtt(prompt, "%dms", stop_T-start_T);
 108:main.c        ****     motor_forward(0,0);
 109:main.c        ****     progEnd();
 110:main.c        ****     
 111:main.c        **** }
 112:main.c        **** #endif
 113:main.c        **** // Week 3 Assignment 1
 114:main.c        **** #if 0
 115:main.c        **** 
 116:main.c        **** void zmain(void) {
 117:main.c        ****     
 118:main.c        ****     motor_start(); // start motors
 119:main.c        ****     motor_forward(0,0);
 120:main.c        ****     //code to start the robot
 121:main.c        ****     progStart(1000);
 122:main.c        ****     
 123:main.c        ****     motor_forward(100,3200); // motors run for 
 124:main.c        ****     motor_forward(0,0);
 125:main.c        ****     
 126:main.c        ****     progEnd();
 127:main.c        ****     
 128:main.c        **** }
 129:main.c        **** #endif
 130:main.c        **** //Week3 Assignment 2
 131:main.c        **** #if 0 
 132:main.c        **** 
 133:main.c        **** void zmain(void){
 134:main.c        ****     
 135:main.c        ****     Ultra_Start();
 136:main.c        ****     srand(5678);
 137:main.c        ****     progStart(1000);
 138:main.c        ****     
 139:main.c        ****     while(true) {
 140:main.c        ****         
 141:main.c        ****         int d = Ultra_GetDistance();
 142:main.c        ****         int rNum = rand() %11 + 10; // num between 10 - 20
 143:main.c        ****         printf("distance: %5d Random: %d", d, rNum);
 144:main.c        ****         if(d < 10){
ARM GAS  C:\Users\josephh\AppData\Local\Temp\ccwvwKvF.s 			page 4


 145:main.c        ****             printf("TOO CLOSE!!!\n");
 146:main.c        ****         }
 147:main.c        ****         else{
 148:main.c        ****             printf("KEEP GOING\n");
 149:main.c        ****         }
 150:main.c        ****         vTaskDelay(100);
 151:main.c        ****     }
 152:main.c        ****     
 153:main.c        ****     progEnd();
 154:main.c        **** 
 155:main.c        **** }
 156:main.c        **** 
 157:main.c        **** 
 158:main.c        **** #endif
 159:main.c        **** // Hello World!
 160:main.c        **** #if 0
 161:main.c        **** 
 162:main.c        **** void zmain(void)
 163:main.c        **** {
 164:main.c        ****     printf("\nHello, Folks!\n");
 165:main.c        **** 
 166:main.c        ****     while(true)
 167:main.c        ****     {
 168:main.c        ****         vTaskDelay(100); // sleep (in an infinite loop)
 169:main.c        ****     }
 170:main.c        ****  }   
 171:main.c        **** #endif
 172:main.c        **** //Tick Timer Example
 173:main.c        **** #if 0 
 174:main.c        **** 
 175:main.c        **** 
 176:main.c        **** void zmain(void) 
 177:main.c        **** {
 178:main.c        **** 	TickType_t Ttime = xTaskGetTickCount();
 179:main.c        **** 	TickType_t PreviousTtime = 0;
 180:main.c        **** 
 181:main.c        **** 	while(true) 
 182:main.c        **** 	{
 183:main.c        **** 		while(SW1_Read()) vTaskDelay(1); // loop until user presses button
 184:main.c        **** 		Ttime = xTaskGetTickCount(); // take button press time
 185:main.c        **** 		/*Print out the time between button presses in seconds. int cast used to suppress warning message
 186:main.c        **** 		printf("The amount of time between button presses is: %d.%d seconds\n", (int)(Ttime-PreviousTtime
 187:main.c        **** 		while(!SW1_Read())vTaskDelay(1); // loop while user is pressing the button
 188:main.c        **** 		PreviousTtime = Ttime; // remember previous press time
 189:main.c        **** 	}
 190:main.c        **** 	
 191:main.c        **** }
 192:main.c        **** 
 193:main.c        **** #endif
 194:main.c        **** // button
 195:main.c        **** #if 0
 196:main.c        **** 
 197:main.c        **** void zmain(void)
 198:main.c        **** {
 199:main.c        ****     while(true) {
 200:main.c        ****         printf("Press button within 5 seconds!\n");
 201:main.c        **** 	    TickType_t Ttime = xTaskGetTickCount(); // take start time
ARM GAS  C:\Users\josephh\AppData\Local\Temp\ccwvwKvF.s 			page 5


 202:main.c        ****         bool timeout = false;
 203:main.c        ****         while(SW1_Read() == 1) {
 204:main.c        ****             if(xTaskGetTickCount() - Ttime > 5000U) { // too long time since start
 205:main.c        ****                 timeout = true;
 206:main.c        ****                 break;
 207:main.c        ****             }
 208:main.c        ****             vTaskDelay(10);
 209:main.c        ****         }
 210:main.c        ****         if(timeout) {
 211:main.c        ****             printf("You didn't press the button\n");
 212:main.c        ****         }
 213:main.c        ****         else {
 214:main.c        ****             printf("Good work\n");
 215:main.c        ****             while(SW1_Read() == 0) vTaskDelay(10); // wait until button is released
 216:main.c        ****         }
 217:main.c        ****     }
 218:main.c        **** }
 219:main.c        **** #endif
 220:main.c        **** // button
 221:main.c        **** #if 0
 222:main.c        **** 
 223:main.c        **** void zmain(void)
 224:main.c        **** {
 225:main.c        ****     printf("\nBoot\n");
 226:main.c        **** 
 227:main.c        ****     //BatteryLed_Write(1); // Switch led on 
 228:main.c        ****     BatteryLed_Write(0); // Switch led off 
 229:main.c        ****     
 230:main.c        ****     //uint8 button;
 231:main.c        ****     //button = SW1_Read(); // read SW1 on pSoC board
 232:main.c        ****     // SW1_Read() returns zero when button is pressed
 233:main.c        ****     // SW1_Read() returns one when button is not pressed
 234:main.c        ****     
 235:main.c        ****     bool led = false;
 236:main.c        ****     
 237:main.c        ****     while(true)
 238:main.c        ****     {
 239:main.c        ****         // toggle led state when button is pressed
 240:main.c        ****         if(SW1_Read() == 0) {
 241:main.c        ****             led = !led;
 242:main.c        ****             BatteryLed_Write(led);
 243:main.c        ****             if(led) printf("Led is ON\n");
 244:main.c        ****             else printf("Led is OFF\n");
 245:main.c        ****             Beep(1000, 150);
 246:main.c        ****             while(SW1_Read() == 0) vTaskDelay(10); // wait while button is being pressed
 247:main.c        ****         }        
 248:main.c        ****     }
 249:main.c        ****  }   
 250:main.c        **** #endif
 251:main.c        **** //ultrasonic sensor//
 252:main.c        **** #if 0
 253:main.c        **** void zmain(void)
 254:main.c        **** {
 255:main.c        ****     Ultra_Start();                          // Ultra Sonic Start function
 256:main.c        ****     
 257:main.c        ****     while(true) {
 258:main.c        ****         int d = Ultra_GetDistance();
ARM GAS  C:\Users\josephh\AppData\Local\Temp\ccwvwKvF.s 			page 6


 259:main.c        ****         // Print the detected distance (centimeters)
 260:main.c        ****         printf("distance = %d\r\n", d);
 261:main.c        ****         vTaskDelay(200);
 262:main.c        ****     }
 263:main.c        **** }   
 264:main.c        **** #endif
 265:main.c        **** //IR receiverm - how to wait for IR remote commands
 266:main.c        **** #if 0
 267:main.c        **** 
 268:main.c        **** void zmain(void)
 269:main.c        **** {
 270:main.c        ****     IR_Start();
 271:main.c        ****     
 272:main.c        ****     printf("\n\nIR test\n");
 273:main.c        ****     
 274:main.c        ****     IR_flush(); // clear IR receive buffer
 275:main.c        ****     printf("Buffer cleared\n");
 276:main.c        ****     
 277:main.c        ****     bool led = false;
 278:main.c        ****     // Toggle led when IR signal is received
 279:main.c        ****     while(true)
 280:main.c        ****     {
 281:main.c        ****         IR_wait();  // wait for IR command
 282:main.c        ****         led = !led;
 283:main.c        ****         BatteryLed_Write(led);
 284:main.c        ****         if(led) printf("Led is ON\n");
 285:main.c        ****         else printf("Led is OFF\n");
 286:main.c        ****     }    
 287:main.c        ****  }   
 288:main.c        **** #endif
 289:main.c        **** //reflectance
 290:main.c        **** #if 0
 291:main.c        **** //reflectance
 292:main.c        **** void zmain(void)
 293:main.c        **** {
 294:main.c        ****    
 295:main.c        ****     struct sensors_ dig;
 296:main.c        **** 
 297:main.c        ****     reflectance_start();
 298:main.c        ****     reflectance_set_threshold(15000, 15000, 11000, 11000, 15000, 15000); // set center sensor thres
 299:main.c        ****     
 300:main.c        **** 
 301:main.c        ****     while(true)
 302:main.c        ****     {
 303:main.c        ****         // read digital values that are based on threshold. 0 = white, 1 = black
 304:main.c        ****         // when blackness value is over threshold the sensors reads 1, otherwise 0
 305:main.c        ****         reflectance_digital(&dig); 
 306:main.c        ****         //print out 0 or 1 according to results of reflectance period
 307:main.c        ****         printf("%5d %5d %5d %5d %5d %5d \r\n", dig.L3, dig.L2, dig.L1, dig.R1, dig.R2, dig.R3);    
 308:main.c        ****         
 309:main.c        ****         vTaskDelay(200);
 310:main.c        ****     }
 311:main.c        **** }   
 312:main.c        **** #endif
 313:main.c        **** //motor
 314:main.c        **** #if 0
 315:main.c        **** 
ARM GAS  C:\Users\josephh\AppData\Local\Temp\ccwvwKvF.s 			page 7


 316:main.c        **** void zmain(void)
 317:main.c        **** {
 318:main.c        ****     motor_start();              // enable motor controller
 319:main.c        ****     motor_forward(0,0);         // set speed to zero to stop motors
 320:main.c        **** 
 321:main.c        ****     vTaskDelay(3000);
 322:main.c        ****     
 323:main.c        ****     motor_forward(100,2000);     // moving forward
 324:main.c        ****     motor_turn(200,50,2000);     // turn
 325:main.c        ****     motor_turn(50,200,2000);     // turn
 326:main.c        ****     motor_backward(100,2000);    // moving backward
 327:main.c        ****      
 328:main.c        ****     motor_forward(0,0);         // stop motors
 329:main.c        **** 
 330:main.c        ****     motor_stop();               // disable motor controller
 331:main.c        ****     
 332:main.c        ****     while(true)
 333:main.c        ****     {
 334:main.c        ****         vTaskDelay(100);
 335:main.c        ****     }
 336:main.c        **** }
 337:main.c        **** #endif
 338:main.c        **** // MQTT test
 339:main.c        **** #if 0
 340:main.c        **** 
 341:main.c        **** // MQTT test
 342:main.c        **** void zmain(void)
 343:main.c        **** {
 344:main.c        ****     //int ctr = 0;
 345:main.c        ****     //int prev = 0;
 346:main.c        ****     int elapsed = 0;
 347:main.c        ****     int button = 0;
 348:main.c        ****     const char *topic = "Joe/Assignment1";
 349:main.c        **** 
 350:main.c        ****     //printf("\nBoot\n");
 351:main.c        ****     print_mqtt(topic, "Boot");
 352:main.c        **** 
 353:main.c        ****     while(true)
 354:main.c        ****     {
 355:main.c        ****         
 356:main.c        ****         
 357:main.c        ****         //printf("Ctr: %d, Button: %d\n", ctr, SW1_Read());
 358:main.c        ****         button = SW1_Read();
 359:main.c        ****         if(button == PRESSED){
 360:main.c        ****            // ctr++;
 361:main.c        ****             elapsed = xTaskGetTickCount();
 362:main.c        ****             print_mqtt(topic, "Time: %dms, Button: %d", elapsed, SW1_Read());
 363:main.c        ****             while(button != RELEASED){
 364:main.c        ****                 button = SW1_Read();
 365:main.c        ****             }
 366:main.c        ****             vTaskDelay(10);
 367:main.c        ****         }
 368:main.c        ****        // prev = ctr;
 369:main.c        ****         
 370:main.c        ****         
 371:main.c        ****         
 372:main.c        ****     }
ARM GAS  C:\Users\josephh\AppData\Local\Temp\ccwvwKvF.s 			page 8


 373:main.c        ****  }  
 374:main.c        **** 
 375:main.c        **** #endif
 376:main.c        **** 
 377:main.c        **** // Custom functions below
 378:main.c        **** 
 379:main.c        **** void progStart(uint32_t delay){
  28              		.loc 1 379 0
  29              		.cfi_startproc
  30              		@ args = 0, pretend = 0, frame = 0
  31              		@ frame_needed = 0, uses_anonymous_args = 0
  32              	.LVL0:
  33 0000 10B5     		push	{r4, lr}
  34              		.cfi_def_cfa_offset 8
  35              		.cfi_offset 4, -8
  36              		.cfi_offset 14, -4
  37 0002 0446     		mov	r4, r0
  38              	.LVL1:
  39              	.L2:
 380:main.c        ****     
 381:main.c        ****     while(SW1_Read() == 1);
  40              		.loc 1 381 0 discriminator 1
  41 0004 FFF7FEFF 		bl	SW1_Read
  42              	.LVL2:
  43 0008 0128     		cmp	r0, #1
  44 000a FBD0     		beq	.L2
 382:main.c        ****     BatteryLed_Write(ON);
  45              		.loc 1 382 0
  46 000c 0120     		movs	r0, #1
  47 000e FFF7FEFF 		bl	BatteryLed_Write
  48              	.LVL3:
 383:main.c        ****     vTaskDelay(delay);
  49              		.loc 1 383 0
  50 0012 2046     		mov	r0, r4
  51 0014 FFF7FEFF 		bl	vTaskDelay
  52              	.LVL4:
 384:main.c        ****     BatteryLed_Write(OFF);
  53              		.loc 1 384 0
  54 0018 0020     		movs	r0, #0
  55 001a FFF7FEFF 		bl	BatteryLed_Write
  56              	.LVL5:
  57 001e 10BD     		pop	{r4, pc}
  58              		.cfi_endproc
  59              	.LFE86:
  60              		.size	progStart, .-progStart
  61              		.section	.text.progEnd,"ax",%progbits
  62              		.align	2
  63              		.global	progEnd
  64              		.thumb
  65              		.thumb_func
  66              		.type	progEnd, %function
  67              	progEnd:
  68              	.LFB87:
 385:main.c        **** 
 386:main.c        **** }
 387:main.c        ****  
 388:main.c        **** void progEnd(void){
ARM GAS  C:\Users\josephh\AppData\Local\Temp\ccwvwKvF.s 			page 9


  69              		.loc 1 388 0
  70              		.cfi_startproc
  71              		@ args = 0, pretend = 0, frame = 0
  72              		@ frame_needed = 0, uses_anonymous_args = 0
  73 0000 10B5     		push	{r4, lr}
  74              		.cfi_def_cfa_offset 8
  75              		.cfi_offset 4, -8
  76              		.cfi_offset 14, -4
  77              	.LVL6:
 389:main.c        ****     bool led = 0;
  78              		.loc 1 389 0
  79 0002 0024     		movs	r4, #0
  80              	.LVL7:
  81              	.L5:
 390:main.c        ****     while(true){
 391:main.c        ****         vTaskDelay(100);
  82              		.loc 1 391 0 discriminator 1
  83 0004 6420     		movs	r0, #100
  84 0006 FFF7FEFF 		bl	vTaskDelay
  85              	.LVL8:
 392:main.c        ****         BatteryLed_Write(led ^= 1);
  86              		.loc 1 392 0 discriminator 1
  87 000a 84F00104 		eor	r4, r4, #1
  88              	.LVL9:
  89 000e 2046     		mov	r0, r4
  90 0010 FFF7FEFF 		bl	BatteryLed_Write
  91              	.LVL10:
  92 0014 F6E7     		b	.L5
  93              		.cfi_endproc
  94              	.LFE87:
  95              		.size	progEnd, .-progEnd
  96 0016 00BF     		.section	.text.drive_to_first_line,"ax",%progbits
  97              		.align	2
  98              		.global	drive_to_first_line
  99              		.thumb
 100              		.thumb_func
 101              		.type	drive_to_first_line, %function
 102              	drive_to_first_line:
 103              	.LFB88:
 393:main.c        ****     }
 394:main.c        **** 
 395:main.c        **** }
 396:main.c        **** #if 1 
 397:main.c        **** void drive_to_first_line(struct sensors_ *dig){
 104              		.loc 1 397 0
 105              		.cfi_startproc
 106              		@ args = 0, pretend = 0, frame = 0
 107              		@ frame_needed = 0, uses_anonymous_args = 0
 108              	.LVL11:
 109 0000 10B5     		push	{r4, lr}
 110              		.cfi_def_cfa_offset 8
 111              		.cfi_offset 4, -8
 112              		.cfi_offset 14, -4
 113 0002 0446     		mov	r4, r0
 398:main.c        ****     motor_forward(50,0);
 114              		.loc 1 398 0
 115 0004 0021     		movs	r1, #0
ARM GAS  C:\Users\josephh\AppData\Local\Temp\ccwvwKvF.s 			page 10


 116 0006 3220     		movs	r0, #50
 117              	.LVL12:
 118 0008 FFF7FEFF 		bl	motor_forward
 119              	.LVL13:
 399:main.c        ****     while(dig->L3 != BLACK && dig->R3 != BLACK){
 120              		.loc 1 399 0
 121 000c 02E0     		b	.L8
 122              	.L10:
 400:main.c        ****             reflectance_digital(dig);
 123              		.loc 1 400 0
 124 000e 2046     		mov	r0, r4
 125 0010 FFF7FEFF 		bl	reflectance_digital
 126              	.LVL14:
 127              	.L8:
 399:main.c        ****     while(dig->L3 != BLACK && dig->R3 != BLACK){
 128              		.loc 1 399 0
 129 0014 2388     		ldrh	r3, [r4]
 130 0016 012B     		cmp	r3, #1
 131 0018 06D0     		beq	.L9
 399:main.c        ****     while(dig->L3 != BLACK && dig->R3 != BLACK){
 132              		.loc 1 399 0 is_stmt 0 discriminator 1
 133 001a 6389     		ldrh	r3, [r4, #10]
 134 001c 012B     		cmp	r3, #1
 135 001e F6D1     		bne	.L10
 136 0020 02E0     		b	.L9
 137              	.L12:
 401:main.c        ****     }                  
 402:main.c        ****     while(dig->L3 == BLACK && dig->R3 == BLACK){
 403:main.c        ****             reflectance_digital(dig);
 138              		.loc 1 403 0 is_stmt 1
 139 0022 2046     		mov	r0, r4
 140 0024 FFF7FEFF 		bl	reflectance_digital
 141              	.LVL15:
 142              	.L9:
 402:main.c        ****             reflectance_digital(dig);
 143              		.loc 1 402 0
 144 0028 2388     		ldrh	r3, [r4]
 145 002a 012B     		cmp	r3, #1
 146 002c 02D1     		bne	.L11
 402:main.c        ****             reflectance_digital(dig);
 147              		.loc 1 402 0 is_stmt 0 discriminator 1
 148 002e 6389     		ldrh	r3, [r4, #10]
 149 0030 012B     		cmp	r3, #1
 150 0032 F6D0     		beq	.L12
 151              	.L11:
 404:main.c        ****     }
 405:main.c        ****     motor_forward(0,0);
 152              		.loc 1 405 0 is_stmt 1
 153 0034 0021     		movs	r1, #0
 154 0036 0846     		mov	r0, r1
 155 0038 FFF7FEFF 		bl	motor_forward
 156              	.LVL16:
 406:main.c        ****     IR_wait();
 157              		.loc 1 406 0
 158 003c FFF7FEFF 		bl	IR_wait
 159              	.LVL17:
 160 0040 10BD     		pop	{r4, pc}
ARM GAS  C:\Users\josephh\AppData\Local\Temp\ccwvwKvF.s 			page 11


 161              		.cfi_endproc
 162              	.LFE88:
 163              		.size	drive_to_first_line, .-drive_to_first_line
 164 0042 00BF     		.section	.text.zmain,"ax",%progbits
 165              		.align	2
 166              		.global	zmain
 167              		.thumb
 168              		.thumb_func
 169              		.type	zmain, %function
 170              	zmain:
 171              	.LFB85:
  78:main.c        ****     const char *prompt = "Joe/Elapsed";
 172              		.loc 1 78 0
 173              		.cfi_startproc
 174              		@ args = 0, pretend = 0, frame = 16
 175              		@ frame_needed = 0, uses_anonymous_args = 0
 176 0000 70B5     		push	{r4, r5, r6, lr}
 177              		.cfi_def_cfa_offset 16
 178              		.cfi_offset 4, -16
 179              		.cfi_offset 5, -12
 180              		.cfi_offset 6, -8
 181              		.cfi_offset 14, -4
 182 0002 86B0     		sub	sp, sp, #24
 183              		.cfi_def_cfa_offset 40
 184              	.LVL18:
  85:main.c        ****     reflectance_start();
 185              		.loc 1 85 0
 186 0004 FFF7FEFF 		bl	IR_Start
 187              	.LVL19:
  86:main.c        ****     reflectance_set_threshold(15000, 15000, 11000, 11000, 15000, 15000);
 188              		.loc 1 86 0
 189 0008 FFF7FEFF 		bl	reflectance_start
 190              	.LVL20:
  87:main.c        ****     motor_start(); // start motors
 191              		.loc 1 87 0
 192 000c 43F69820 		movw	r0, #15000
 193 0010 0190     		str	r0, [sp, #4]
 194 0012 0090     		str	r0, [sp]
 195 0014 42F6F823 		movw	r3, #11000
 196 0018 1A46     		mov	r2, r3
 197 001a 0146     		mov	r1, r0
 198 001c FFF7FEFF 		bl	reflectance_set_threshold
 199              	.LVL21:
  88:main.c        ****     motor_forward(0,0);
 200              		.loc 1 88 0
 201 0020 FFF7FEFF 		bl	motor_start
 202              	.LVL22:
  89:main.c        ****     progStart(1000);
 203              		.loc 1 89 0
 204 0024 0021     		movs	r1, #0
 205 0026 0846     		mov	r0, r1
 206 0028 FFF7FEFF 		bl	motor_forward
 207              	.LVL23:
  90:main.c        ****     drive_to_first_line(&dig);
 208              		.loc 1 90 0
 209 002c 4FF47A70 		mov	r0, #1000
 210 0030 FFF7FEFF 		bl	progStart
ARM GAS  C:\Users\josephh\AppData\Local\Temp\ccwvwKvF.s 			page 12


 211              	.LVL24:
  91:main.c        ****     start_T = xTaskGetTickCount();
 212              		.loc 1 91 0
 213 0034 03A8     		add	r0, sp, #12
 214 0036 FFF7FEFF 		bl	drive_to_first_line
 215              	.LVL25:
  92:main.c        ****     motor_forward(255,0);
 216              		.loc 1 92 0
 217 003a FFF7FEFF 		bl	xTaskGetTickCount
 218              	.LVL26:
 219 003e 0646     		mov	r6, r0
 220              	.LVL27:
  93:main.c        ****     while(count < STOP){
 221              		.loc 1 93 0
 222 0040 0021     		movs	r1, #0
 223 0042 FF20     		movs	r0, #255
 224              	.LVL28:
 225 0044 FFF7FEFF 		bl	motor_forward
 226              	.LVL29:
  83:main.c        ****     
 227              		.loc 1 83 0
 228 0048 0025     		movs	r5, #0
  80:main.c        ****     struct sensors_ dig;
 229              		.loc 1 80 0
 230 004a 2C46     		mov	r4, r5
  94:main.c        ****     
 231              		.loc 1 94 0
 232 004c 1CE0     		b	.L15
 233              	.LVL30:
 234              	.L19:
  96:main.c        ****         if(dig.L3 == BLACK && dig.R3 == BLACK){
 235              		.loc 1 96 0
 236 004e 03A8     		add	r0, sp, #12
 237 0050 FFF7FEFF 		bl	reflectance_digital
 238              	.LVL31:
  97:main.c        ****             
 239              		.loc 1 97 0
 240 0054 BDF80C30 		ldrh	r3, [sp, #12]
 241 0058 012B     		cmp	r3, #1
 242 005a 15D1     		bne	.L15
  97:main.c        ****             
 243              		.loc 1 97 0 is_stmt 0 discriminator 1
 244 005c BDF81630 		ldrh	r3, [sp, #22]
 245 0060 012B     		cmp	r3, #1
 246 0062 11D1     		bne	.L15
  99:main.c        ****             stop_T = xTaskGetTickCount();           
 247              		.loc 1 99 0 is_stmt 1
 248 0064 0134     		adds	r4, r4, #1
 249              	.LVL32:
 100:main.c        ****             while((dig.L3 == BLACK && dig.R3 == BLACK ) && count < STOP){
 250              		.loc 1 100 0
 251 0066 FFF7FEFF 		bl	xTaskGetTickCount
 252              	.LVL33:
 253 006a 0546     		mov	r5, r0
 254              	.LVL34:
 101:main.c        ****                 reflectance_digital(&dig);
 255              		.loc 1 101 0
ARM GAS  C:\Users\josephh\AppData\Local\Temp\ccwvwKvF.s 			page 13


 256 006c 02E0     		b	.L17
 257              	.LVL35:
 258              	.L18:
 102:main.c        ****             }
 259              		.loc 1 102 0
 260 006e 03A8     		add	r0, sp, #12
 261 0070 FFF7FEFF 		bl	reflectance_digital
 262              	.LVL36:
 263              	.L17:
 101:main.c        ****                 reflectance_digital(&dig);
 264              		.loc 1 101 0
 265 0074 BDF80C30 		ldrh	r3, [sp, #12]
 266 0078 012B     		cmp	r3, #1
 267 007a 05D1     		bne	.L15
 101:main.c        ****                 reflectance_digital(&dig);
 268              		.loc 1 101 0 is_stmt 0 discriminator 1
 269 007c BDF81630 		ldrh	r3, [sp, #22]
 270 0080 012B     		cmp	r3, #1
 271 0082 01D1     		bne	.L15
 101:main.c        ****                 reflectance_digital(&dig);
 272              		.loc 1 101 0 discriminator 2
 273 0084 012C     		cmp	r4, #1
 274 0086 F2D9     		bls	.L18
 275              	.LVL37:
 276              	.L15:
  94:main.c        ****     
 277              		.loc 1 94 0 is_stmt 1
 278 0088 012C     		cmp	r4, #1
 279 008a E0D9     		bls	.L19
 107:main.c        ****     motor_forward(0,0);
 280              		.loc 1 107 0
 281 008c AA1B     		subs	r2, r5, r6
 282 008e 0549     		ldr	r1, .L21
 283 0090 0548     		ldr	r0, .L21+4
 284 0092 FFF7FEFF 		bl	print_mqtt
 285              	.LVL38:
 108:main.c        ****     progEnd();
 286              		.loc 1 108 0
 287 0096 0021     		movs	r1, #0
 288 0098 0846     		mov	r0, r1
 289 009a FFF7FEFF 		bl	motor_forward
 290              	.LVL39:
 109:main.c        ****     
 291              		.loc 1 109 0
 292 009e FFF7FEFF 		bl	progEnd
 293              	.LVL40:
 294              	.L22:
 295 00a2 00BF     		.align	2
 296              	.L21:
 297 00a4 00000000 		.word	.LC0
 298 00a8 08000000 		.word	.LC1
 299              		.cfi_endproc
 300              	.LFE85:
 301              		.size	zmain, .-zmain
 302              		.section	.rodata.str1.4,"aMS",%progbits,1
 303              		.align	2
 304              	.LC0:
ARM GAS  C:\Users\josephh\AppData\Local\Temp\ccwvwKvF.s 			page 14


 305 0000 25646D73 		.ascii	"%dms\000"
 305      00
 306 0005 000000   		.space	3
 307              	.LC1:
 308 0008 4A6F652F 		.ascii	"Joe/Elapsed\000"
 308      456C6170 
 308      73656400 
 309              		.text
 310              	.Letext0:
 311              		.file 2 "c:\\program files (x86)\\cypress\\psoc creator\\4.3\\psoc creator\\import\\gnu\\arm\\5.4.
 312              		.file 3 "c:\\program files (x86)\\cypress\\psoc creator\\4.3\\psoc creator\\import\\gnu\\arm\\5.4.
 313              		.file 4 "..\\FreeRTOS\\Source\\portable\\GCC\\ARM_CM3/portmacro.h"
 314              		.file 5 ".\\ZumoLibrary/Reflectance.h"
 315              		.file 6 "Generated_Source\\PSoC5/SW1.h"
 316              		.file 7 "Generated_Source\\PSoC5/BatteryLed.h"
 317              		.file 8 "..\\FreeRTOS\\Source\\include/task.h"
 318              		.file 9 ".\\ZumoLibrary/Motor.h"
 319              		.file 10 ".\\ZumoLibrary/IR.h"
 320              		.file 11 ".\\ZumoLibrary/mqtt_sender.h"
 321              		.file 12 "Generated_Source\\PSoC5/core_cm3.h"
 322              		.section	.debug_info,"",%progbits
 323              	.Ldebug_info0:
 324 0000 A6040000 		.4byte	0x4a6
 325 0004 0400     		.2byte	0x4
 326 0006 00000000 		.4byte	.Ldebug_abbrev0
 327 000a 04       		.byte	0x4
 328 000b 01       		.uleb128 0x1
 329 000c B2000000 		.4byte	.LASF43
 330 0010 0C       		.byte	0xc
 331 0011 42020000 		.4byte	.LASF44
 332 0015 43000000 		.4byte	.LASF45
 333 0019 00000000 		.4byte	.Ldebug_ranges0+0
 334 001d 00000000 		.4byte	0
 335 0021 00000000 		.4byte	.Ldebug_line0
 336 0025 02       		.uleb128 0x2
 337 0026 01       		.byte	0x1
 338 0027 06       		.byte	0x6
 339 0028 96020000 		.4byte	.LASF0
 340 002c 02       		.uleb128 0x2
 341 002d 01       		.byte	0x1
 342 002e 08       		.byte	0x8
 343 002f A4000000 		.4byte	.LASF1
 344 0033 02       		.uleb128 0x2
 345 0034 02       		.byte	0x2
 346 0035 05       		.byte	0x5
 347 0036 4F020000 		.4byte	.LASF2
 348 003a 03       		.uleb128 0x3
 349 003b 94010000 		.4byte	.LASF4
 350 003f 02       		.byte	0x2
 351 0040 2B       		.byte	0x2b
 352 0041 45000000 		.4byte	0x45
 353 0045 02       		.uleb128 0x2
 354 0046 02       		.byte	0x2
 355 0047 07       		.byte	0x7
 356 0048 52010000 		.4byte	.LASF3
 357 004c 03       		.uleb128 0x3
 358 004d 31000000 		.4byte	.LASF5
ARM GAS  C:\Users\josephh\AppData\Local\Temp\ccwvwKvF.s 			page 15


 359 0051 02       		.byte	0x2
 360 0052 3F       		.byte	0x3f
 361 0053 57000000 		.4byte	0x57
 362 0057 02       		.uleb128 0x2
 363 0058 04       		.byte	0x4
 364 0059 05       		.byte	0x5
 365 005a 6B020000 		.4byte	.LASF6
 366 005e 03       		.uleb128 0x3
 367 005f A6010000 		.4byte	.LASF7
 368 0063 02       		.byte	0x2
 369 0064 41       		.byte	0x41
 370 0065 69000000 		.4byte	0x69
 371 0069 02       		.uleb128 0x2
 372 006a 04       		.byte	0x4
 373 006b 07       		.byte	0x7
 374 006c 40010000 		.4byte	.LASF8
 375 0070 02       		.uleb128 0x2
 376 0071 08       		.byte	0x8
 377 0072 05       		.byte	0x5
 378 0073 23020000 		.4byte	.LASF9
 379 0077 02       		.uleb128 0x2
 380 0078 08       		.byte	0x8
 381 0079 07       		.byte	0x7
 382 007a BB020000 		.4byte	.LASF10
 383 007e 04       		.uleb128 0x4
 384 007f 04       		.byte	0x4
 385 0080 05       		.byte	0x5
 386 0081 696E7400 		.ascii	"int\000"
 387 0085 02       		.uleb128 0x2
 388 0086 04       		.byte	0x4
 389 0087 07       		.byte	0x7
 390 0088 DB010000 		.4byte	.LASF11
 391 008c 03       		.uleb128 0x3
 392 008d 59020000 		.4byte	.LASF12
 393 0091 03       		.byte	0x3
 394 0092 24       		.byte	0x24
 395 0093 3A000000 		.4byte	0x3a
 396 0097 03       		.uleb128 0x3
 397 0098 0B020000 		.4byte	.LASF13
 398 009c 03       		.byte	0x3
 399 009d 2C       		.byte	0x2c
 400 009e 4C000000 		.4byte	0x4c
 401 00a2 03       		.uleb128 0x3
 402 00a3 62020000 		.4byte	.LASF14
 403 00a7 03       		.byte	0x3
 404 00a8 30       		.byte	0x30
 405 00a9 5E000000 		.4byte	0x5e
 406 00ad 02       		.uleb128 0x2
 407 00ae 04       		.byte	0x4
 408 00af 04       		.byte	0x4
 409 00b0 98000000 		.4byte	.LASF15
 410 00b4 02       		.uleb128 0x2
 411 00b5 08       		.byte	0x8
 412 00b6 04       		.byte	0x4
 413 00b7 9F010000 		.4byte	.LASF16
 414 00bb 02       		.uleb128 0x2
 415 00bc 01       		.byte	0x1
ARM GAS  C:\Users\josephh\AppData\Local\Temp\ccwvwKvF.s 			page 16


 416 00bd 08       		.byte	0x8
 417 00be F1010000 		.4byte	.LASF17
 418 00c2 02       		.uleb128 0x2
 419 00c3 08       		.byte	0x8
 420 00c4 04       		.byte	0x4
 421 00c5 8A020000 		.4byte	.LASF18
 422 00c9 02       		.uleb128 0x2
 423 00ca 04       		.byte	0x4
 424 00cb 07       		.byte	0x7
 425 00cc 13020000 		.4byte	.LASF19
 426 00d0 05       		.uleb128 0x5
 427 00d1 04       		.byte	0x4
 428 00d2 D6000000 		.4byte	0xd6
 429 00d6 06       		.uleb128 0x6
 430 00d7 BB000000 		.4byte	0xbb
 431 00db 03       		.uleb128 0x3
 432 00dc 7F020000 		.4byte	.LASF20
 433 00e0 04       		.byte	0x4
 434 00e1 3F       		.byte	0x3f
 435 00e2 A2000000 		.4byte	0xa2
 436 00e6 07       		.uleb128 0x7
 437 00e7 08000000 		.4byte	.LASF46
 438 00eb 0C       		.byte	0xc
 439 00ec 05       		.byte	0x5
 440 00ed 0E       		.byte	0xe
 441 00ee 35010000 		.4byte	0x135
 442 00f2 08       		.uleb128 0x8
 443 00f3 4C3300   		.ascii	"L3\000"
 444 00f6 05       		.byte	0x5
 445 00f7 0F       		.byte	0xf
 446 00f8 8C000000 		.4byte	0x8c
 447 00fc 00       		.byte	0
 448 00fd 08       		.uleb128 0x8
 449 00fe 4C3200   		.ascii	"L2\000"
 450 0101 05       		.byte	0x5
 451 0102 10       		.byte	0x10
 452 0103 8C000000 		.4byte	0x8c
 453 0107 02       		.byte	0x2
 454 0108 08       		.uleb128 0x8
 455 0109 4C3100   		.ascii	"L1\000"
 456 010c 05       		.byte	0x5
 457 010d 11       		.byte	0x11
 458 010e 8C000000 		.4byte	0x8c
 459 0112 04       		.byte	0x4
 460 0113 08       		.uleb128 0x8
 461 0114 523100   		.ascii	"R1\000"
 462 0117 05       		.byte	0x5
 463 0118 12       		.byte	0x12
 464 0119 8C000000 		.4byte	0x8c
 465 011d 06       		.byte	0x6
 466 011e 08       		.uleb128 0x8
 467 011f 523200   		.ascii	"R2\000"
 468 0122 05       		.byte	0x5
 469 0123 13       		.byte	0x13
 470 0124 8C000000 		.4byte	0x8c
 471 0128 08       		.byte	0x8
 472 0129 08       		.uleb128 0x8
ARM GAS  C:\Users\josephh\AppData\Local\Temp\ccwvwKvF.s 			page 17


 473 012a 523300   		.ascii	"R3\000"
 474 012d 05       		.byte	0x5
 475 012e 14       		.byte	0x14
 476 012f 8C000000 		.4byte	0x8c
 477 0133 0A       		.byte	0xa
 478 0134 00       		.byte	0
 479 0135 09       		.uleb128 0x9
 480 0136 B1010000 		.4byte	.LASF22
 481 013a 01       		.byte	0x1
 482 013b 7B01     		.2byte	0x17b
 483 013d 00000000 		.4byte	.LFB86
 484 0141 20000000 		.4byte	.LFE86-.LFB86
 485 0145 01       		.uleb128 0x1
 486 0146 9C       		.byte	0x9c
 487 0147 9B010000 		.4byte	0x19b
 488 014b 0A       		.uleb128 0xa
 489 014c 9E000000 		.4byte	.LASF24
 490 0150 01       		.byte	0x1
 491 0151 7B01     		.2byte	0x17b
 492 0153 A2000000 		.4byte	0xa2
 493 0157 00000000 		.4byte	.LLST0
 494 015b 0B       		.uleb128 0xb
 495 015c 08000000 		.4byte	.LVL2
 496 0160 23040000 		.4byte	0x423
 497 0164 0C       		.uleb128 0xc
 498 0165 12000000 		.4byte	.LVL3
 499 0169 2E040000 		.4byte	0x42e
 500 016d 77010000 		.4byte	0x177
 501 0171 0D       		.uleb128 0xd
 502 0172 01       		.uleb128 0x1
 503 0173 50       		.byte	0x50
 504 0174 01       		.uleb128 0x1
 505 0175 31       		.byte	0x31
 506 0176 00       		.byte	0
 507 0177 0C       		.uleb128 0xc
 508 0178 18000000 		.4byte	.LVL4
 509 017c 39040000 		.4byte	0x439
 510 0180 8B010000 		.4byte	0x18b
 511 0184 0D       		.uleb128 0xd
 512 0185 01       		.uleb128 0x1
 513 0186 50       		.byte	0x50
 514 0187 02       		.uleb128 0x2
 515 0188 74       		.byte	0x74
 516 0189 00       		.sleb128 0
 517 018a 00       		.byte	0
 518 018b 0E       		.uleb128 0xe
 519 018c 1E000000 		.4byte	.LVL5
 520 0190 2E040000 		.4byte	0x42e
 521 0194 0D       		.uleb128 0xd
 522 0195 01       		.uleb128 0x1
 523 0196 50       		.byte	0x50
 524 0197 01       		.uleb128 0x1
 525 0198 30       		.byte	0x30
 526 0199 00       		.byte	0
 527 019a 00       		.byte	0
 528 019b 0F       		.uleb128 0xf
 529 019c 29000000 		.4byte	.LASF25
ARM GAS  C:\Users\josephh\AppData\Local\Temp\ccwvwKvF.s 			page 18


 530 01a0 01       		.byte	0x1
 531 01a1 8401     		.2byte	0x184
 532 01a3 00000000 		.4byte	.LFB87
 533 01a7 16000000 		.4byte	.LFE87-.LFB87
 534 01ab 01       		.uleb128 0x1
 535 01ac 9C       		.byte	0x9c
 536 01ad E6010000 		.4byte	0x1e6
 537 01b1 10       		.uleb128 0x10
 538 01b2 6C656400 		.ascii	"led\000"
 539 01b6 01       		.byte	0x1
 540 01b7 8501     		.2byte	0x185
 541 01b9 E6010000 		.4byte	0x1e6
 542 01bd 1E000000 		.4byte	.LLST1
 543 01c1 0C       		.uleb128 0xc
 544 01c2 0A000000 		.4byte	.LVL8
 545 01c6 39040000 		.4byte	0x439
 546 01ca D5010000 		.4byte	0x1d5
 547 01ce 0D       		.uleb128 0xd
 548 01cf 01       		.uleb128 0x1
 549 01d0 50       		.byte	0x50
 550 01d1 02       		.uleb128 0x2
 551 01d2 08       		.byte	0x8
 552 01d3 64       		.byte	0x64
 553 01d4 00       		.byte	0
 554 01d5 0E       		.uleb128 0xe
 555 01d6 14000000 		.4byte	.LVL10
 556 01da 2E040000 		.4byte	0x42e
 557 01de 0D       		.uleb128 0xd
 558 01df 01       		.uleb128 0x1
 559 01e0 50       		.byte	0x50
 560 01e1 02       		.uleb128 0x2
 561 01e2 74       		.byte	0x74
 562 01e3 00       		.sleb128 0
 563 01e4 00       		.byte	0
 564 01e5 00       		.byte	0
 565 01e6 02       		.uleb128 0x2
 566 01e7 01       		.byte	0x1
 567 01e8 02       		.byte	0x2
 568 01e9 23000000 		.4byte	.LASF21
 569 01ed 09       		.uleb128 0x9
 570 01ee 65010000 		.4byte	.LASF23
 571 01f2 01       		.byte	0x1
 572 01f3 8D01     		.2byte	0x18d
 573 01f5 00000000 		.4byte	.LFB88
 574 01f9 42000000 		.4byte	.LFE88-.LFB88
 575 01fd 01       		.uleb128 0x1
 576 01fe 9C       		.byte	0x9c
 577 01ff 76020000 		.4byte	0x276
 578 0203 11       		.uleb128 0x11
 579 0204 64696700 		.ascii	"dig\000"
 580 0208 01       		.byte	0x1
 581 0209 8D01     		.2byte	0x18d
 582 020b 76020000 		.4byte	0x276
 583 020f 3D000000 		.4byte	.LLST2
 584 0213 0C       		.uleb128 0xc
 585 0214 0C000000 		.4byte	.LVL13
 586 0218 45040000 		.4byte	0x445
ARM GAS  C:\Users\josephh\AppData\Local\Temp\ccwvwKvF.s 			page 19


 587 021c 2C020000 		.4byte	0x22c
 588 0220 0D       		.uleb128 0xd
 589 0221 01       		.uleb128 0x1
 590 0222 50       		.byte	0x50
 591 0223 02       		.uleb128 0x2
 592 0224 08       		.byte	0x8
 593 0225 32       		.byte	0x32
 594 0226 0D       		.uleb128 0xd
 595 0227 01       		.uleb128 0x1
 596 0228 51       		.byte	0x51
 597 0229 01       		.uleb128 0x1
 598 022a 30       		.byte	0x30
 599 022b 00       		.byte	0
 600 022c 0C       		.uleb128 0xc
 601 022d 14000000 		.4byte	.LVL14
 602 0231 50040000 		.4byte	0x450
 603 0235 40020000 		.4byte	0x240
 604 0239 0D       		.uleb128 0xd
 605 023a 01       		.uleb128 0x1
 606 023b 50       		.byte	0x50
 607 023c 02       		.uleb128 0x2
 608 023d 74       		.byte	0x74
 609 023e 00       		.sleb128 0
 610 023f 00       		.byte	0
 611 0240 0C       		.uleb128 0xc
 612 0241 28000000 		.4byte	.LVL15
 613 0245 50040000 		.4byte	0x450
 614 0249 54020000 		.4byte	0x254
 615 024d 0D       		.uleb128 0xd
 616 024e 01       		.uleb128 0x1
 617 024f 50       		.byte	0x50
 618 0250 02       		.uleb128 0x2
 619 0251 74       		.byte	0x74
 620 0252 00       		.sleb128 0
 621 0253 00       		.byte	0
 622 0254 0C       		.uleb128 0xc
 623 0255 3C000000 		.4byte	.LVL16
 624 0259 45040000 		.4byte	0x445
 625 025d 6C020000 		.4byte	0x26c
 626 0261 0D       		.uleb128 0xd
 627 0262 01       		.uleb128 0x1
 628 0263 50       		.byte	0x50
 629 0264 01       		.uleb128 0x1
 630 0265 30       		.byte	0x30
 631 0266 0D       		.uleb128 0xd
 632 0267 01       		.uleb128 0x1
 633 0268 51       		.byte	0x51
 634 0269 01       		.uleb128 0x1
 635 026a 30       		.byte	0x30
 636 026b 00       		.byte	0
 637 026c 0B       		.uleb128 0xb
 638 026d 40000000 		.4byte	.LVL17
 639 0271 5B040000 		.4byte	0x45b
 640 0275 00       		.byte	0
 641 0276 05       		.uleb128 0x5
 642 0277 04       		.byte	0x4
 643 0278 E6000000 		.4byte	0xe6
ARM GAS  C:\Users\josephh\AppData\Local\Temp\ccwvwKvF.s 			page 20


 644 027c 12       		.uleb128 0x12
 645 027d D5010000 		.4byte	.LASF26
 646 0281 01       		.byte	0x1
 647 0282 4E       		.byte	0x4e
 648 0283 00000000 		.4byte	.LFB85
 649 0287 AC000000 		.4byte	.LFE85-.LFB85
 650 028b 01       		.uleb128 0x1
 651 028c 9C       		.byte	0x9c
 652 028d 12040000 		.4byte	0x412
 653 0291 13       		.uleb128 0x13
 654 0292 1C020000 		.4byte	.LASF27
 655 0296 01       		.byte	0x1
 656 0297 4F       		.byte	0x4f
 657 0298 D0000000 		.4byte	0xd0
 658 029c 06       		.uleb128 0x6
 659 029d 03       		.byte	0x3
 660 029e 08000000 		.4byte	.LC1
 661 02a2 9F       		.byte	0x9f
 662 02a3 14       		.uleb128 0x14
 663 02a4 49020000 		.4byte	.LASF28
 664 02a8 01       		.byte	0x1
 665 02a9 50       		.byte	0x50
 666 02aa 85000000 		.4byte	0x85
 667 02ae 5B000000 		.4byte	.LLST3
 668 02b2 15       		.uleb128 0x15
 669 02b3 64696700 		.ascii	"dig\000"
 670 02b7 01       		.byte	0x1
 671 02b8 51       		.byte	0x51
 672 02b9 E6000000 		.4byte	0xe6
 673 02bd 02       		.uleb128 0x2
 674 02be 91       		.byte	0x91
 675 02bf 64       		.sleb128 -28
 676 02c0 14       		.uleb128 0x14
 677 02c1 3B000000 		.4byte	.LASF29
 678 02c5 01       		.byte	0x1
 679 02c6 52       		.byte	0x52
 680 02c7 DB000000 		.4byte	0xdb
 681 02cb 7A000000 		.4byte	.LLST4
 682 02cf 14       		.uleb128 0x14
 683 02d0 A2020000 		.4byte	.LASF30
 684 02d4 01       		.byte	0x1
 685 02d5 53       		.byte	0x53
 686 02d6 DB000000 		.4byte	0xdb
 687 02da A4000000 		.4byte	.LLST5
 688 02de 0B       		.uleb128 0xb
 689 02df 08000000 		.4byte	.LVL19
 690 02e3 66040000 		.4byte	0x466
 691 02e7 0B       		.uleb128 0xb
 692 02e8 0C000000 		.4byte	.LVL20
 693 02ec 71040000 		.4byte	0x471
 694 02f0 0C       		.uleb128 0xc
 695 02f1 20000000 		.4byte	.LVL21
 696 02f5 7C040000 		.4byte	0x47c
 697 02f9 2A030000 		.4byte	0x32a
 698 02fd 0D       		.uleb128 0xd
 699 02fe 01       		.uleb128 0x1
 700 02ff 50       		.byte	0x50
ARM GAS  C:\Users\josephh\AppData\Local\Temp\ccwvwKvF.s 			page 21


 701 0300 03       		.uleb128 0x3
 702 0301 0A       		.byte	0xa
 703 0302 983A     		.2byte	0x3a98
 704 0304 0D       		.uleb128 0xd
 705 0305 01       		.uleb128 0x1
 706 0306 51       		.byte	0x51
 707 0307 03       		.uleb128 0x3
 708 0308 0A       		.byte	0xa
 709 0309 983A     		.2byte	0x3a98
 710 030b 0D       		.uleb128 0xd
 711 030c 01       		.uleb128 0x1
 712 030d 52       		.byte	0x52
 713 030e 03       		.uleb128 0x3
 714 030f 0A       		.byte	0xa
 715 0310 F82A     		.2byte	0x2af8
 716 0312 0D       		.uleb128 0xd
 717 0313 01       		.uleb128 0x1
 718 0314 53       		.byte	0x53
 719 0315 03       		.uleb128 0x3
 720 0316 0A       		.byte	0xa
 721 0317 F82A     		.2byte	0x2af8
 722 0319 0D       		.uleb128 0xd
 723 031a 02       		.uleb128 0x2
 724 031b 7D       		.byte	0x7d
 725 031c 00       		.sleb128 0
 726 031d 03       		.uleb128 0x3
 727 031e 0A       		.byte	0xa
 728 031f 983A     		.2byte	0x3a98
 729 0321 0D       		.uleb128 0xd
 730 0322 02       		.uleb128 0x2
 731 0323 7D       		.byte	0x7d
 732 0324 04       		.sleb128 4
 733 0325 03       		.uleb128 0x3
 734 0326 0A       		.byte	0xa
 735 0327 983A     		.2byte	0x3a98
 736 0329 00       		.byte	0
 737 032a 0B       		.uleb128 0xb
 738 032b 24000000 		.4byte	.LVL22
 739 032f 87040000 		.4byte	0x487
 740 0333 0C       		.uleb128 0xc
 741 0334 2C000000 		.4byte	.LVL23
 742 0338 45040000 		.4byte	0x445
 743 033c 4B030000 		.4byte	0x34b
 744 0340 0D       		.uleb128 0xd
 745 0341 01       		.uleb128 0x1
 746 0342 50       		.byte	0x50
 747 0343 01       		.uleb128 0x1
 748 0344 30       		.byte	0x30
 749 0345 0D       		.uleb128 0xd
 750 0346 01       		.uleb128 0x1
 751 0347 51       		.byte	0x51
 752 0348 01       		.uleb128 0x1
 753 0349 30       		.byte	0x30
 754 034a 00       		.byte	0
 755 034b 0C       		.uleb128 0xc
 756 034c 34000000 		.4byte	.LVL24
 757 0350 35010000 		.4byte	0x135
ARM GAS  C:\Users\josephh\AppData\Local\Temp\ccwvwKvF.s 			page 22


 758 0354 60030000 		.4byte	0x360
 759 0358 0D       		.uleb128 0xd
 760 0359 01       		.uleb128 0x1
 761 035a 50       		.byte	0x50
 762 035b 03       		.uleb128 0x3
 763 035c 0A       		.byte	0xa
 764 035d E803     		.2byte	0x3e8
 765 035f 00       		.byte	0
 766 0360 0C       		.uleb128 0xc
 767 0361 3A000000 		.4byte	.LVL25
 768 0365 ED010000 		.4byte	0x1ed
 769 0369 74030000 		.4byte	0x374
 770 036d 0D       		.uleb128 0xd
 771 036e 01       		.uleb128 0x1
 772 036f 50       		.byte	0x50
 773 0370 02       		.uleb128 0x2
 774 0371 91       		.byte	0x91
 775 0372 64       		.sleb128 -28
 776 0373 00       		.byte	0
 777 0374 0B       		.uleb128 0xb
 778 0375 3E000000 		.4byte	.LVL26
 779 0379 92040000 		.4byte	0x492
 780 037d 0C       		.uleb128 0xc
 781 037e 48000000 		.4byte	.LVL29
 782 0382 45040000 		.4byte	0x445
 783 0386 96030000 		.4byte	0x396
 784 038a 0D       		.uleb128 0xd
 785 038b 01       		.uleb128 0x1
 786 038c 50       		.byte	0x50
 787 038d 02       		.uleb128 0x2
 788 038e 09       		.byte	0x9
 789 038f FF       		.byte	0xff
 790 0390 0D       		.uleb128 0xd
 791 0391 01       		.uleb128 0x1
 792 0392 51       		.byte	0x51
 793 0393 01       		.uleb128 0x1
 794 0394 30       		.byte	0x30
 795 0395 00       		.byte	0
 796 0396 0C       		.uleb128 0xc
 797 0397 54000000 		.4byte	.LVL31
 798 039b 50040000 		.4byte	0x450
 799 039f AA030000 		.4byte	0x3aa
 800 03a3 0D       		.uleb128 0xd
 801 03a4 01       		.uleb128 0x1
 802 03a5 50       		.byte	0x50
 803 03a6 02       		.uleb128 0x2
 804 03a7 91       		.byte	0x91
 805 03a8 64       		.sleb128 -28
 806 03a9 00       		.byte	0
 807 03aa 0B       		.uleb128 0xb
 808 03ab 6A000000 		.4byte	.LVL33
 809 03af 92040000 		.4byte	0x492
 810 03b3 0C       		.uleb128 0xc
 811 03b4 74000000 		.4byte	.LVL36
 812 03b8 50040000 		.4byte	0x450
 813 03bc C7030000 		.4byte	0x3c7
 814 03c0 0D       		.uleb128 0xd
ARM GAS  C:\Users\josephh\AppData\Local\Temp\ccwvwKvF.s 			page 23


 815 03c1 01       		.uleb128 0x1
 816 03c2 50       		.byte	0x50
 817 03c3 02       		.uleb128 0x2
 818 03c4 91       		.byte	0x91
 819 03c5 64       		.sleb128 -28
 820 03c6 00       		.byte	0
 821 03c7 0C       		.uleb128 0xc
 822 03c8 96000000 		.4byte	.LVL38
 823 03cc 9E040000 		.4byte	0x49e
 824 03d0 F0030000 		.4byte	0x3f0
 825 03d4 0D       		.uleb128 0xd
 826 03d5 01       		.uleb128 0x1
 827 03d6 50       		.byte	0x50
 828 03d7 05       		.uleb128 0x5
 829 03d8 03       		.byte	0x3
 830 03d9 08000000 		.4byte	.LC1
 831 03dd 0D       		.uleb128 0xd
 832 03de 01       		.uleb128 0x1
 833 03df 51       		.byte	0x51
 834 03e0 05       		.uleb128 0x5
 835 03e1 03       		.byte	0x3
 836 03e2 00000000 		.4byte	.LC0
 837 03e6 0D       		.uleb128 0xd
 838 03e7 01       		.uleb128 0x1
 839 03e8 52       		.byte	0x52
 840 03e9 05       		.uleb128 0x5
 841 03ea 75       		.byte	0x75
 842 03eb 00       		.sleb128 0
 843 03ec 76       		.byte	0x76
 844 03ed 00       		.sleb128 0
 845 03ee 1C       		.byte	0x1c
 846 03ef 00       		.byte	0
 847 03f0 0C       		.uleb128 0xc
 848 03f1 9E000000 		.4byte	.LVL39
 849 03f5 45040000 		.4byte	0x445
 850 03f9 08040000 		.4byte	0x408
 851 03fd 0D       		.uleb128 0xd
 852 03fe 01       		.uleb128 0x1
 853 03ff 50       		.byte	0x50
 854 0400 01       		.uleb128 0x1
 855 0401 30       		.byte	0x30
 856 0402 0D       		.uleb128 0xd
 857 0403 01       		.uleb128 0x1
 858 0404 51       		.byte	0x51
 859 0405 01       		.uleb128 0x1
 860 0406 30       		.byte	0x30
 861 0407 00       		.byte	0
 862 0408 0B       		.uleb128 0xb
 863 0409 A2000000 		.4byte	.LVL40
 864 040d 9B010000 		.4byte	0x19b
 865 0411 00       		.byte	0
 866 0412 16       		.uleb128 0x16
 867 0413 79010000 		.4byte	.LASF47
 868 0417 0C       		.byte	0xc
 869 0418 1407     		.2byte	0x714
 870 041a 1E040000 		.4byte	0x41e
 871 041e 17       		.uleb128 0x17
ARM GAS  C:\Users\josephh\AppData\Local\Temp\ccwvwKvF.s 			page 24


 872 041f 97000000 		.4byte	0x97
 873 0423 18       		.uleb128 0x18
 874 0424 02020000 		.4byte	.LASF31
 875 0428 02020000 		.4byte	.LASF31
 876 042c 06       		.byte	0x6
 877 042d 29       		.byte	0x29
 878 042e 18       		.uleb128 0x18
 879 042f 31020000 		.4byte	.LASF32
 880 0433 31020000 		.4byte	.LASF32
 881 0437 07       		.byte	0x7
 882 0438 26       		.byte	0x26
 883 0439 19       		.uleb128 0x19
 884 043a 74020000 		.4byte	.LASF33
 885 043e 74020000 		.4byte	.LASF33
 886 0442 08       		.byte	0x8
 887 0443 ED02     		.2byte	0x2ed
 888 0445 18       		.uleb128 0x18
 889 0446 86010000 		.4byte	.LASF34
 890 044a 86010000 		.4byte	.LASF34
 891 044e 09       		.byte	0x9
 892 044f 0F       		.byte	0xf
 893 0450 18       		.uleb128 0x18
 894 0451 79000000 		.4byte	.LASF35
 895 0455 79000000 		.4byte	.LASF35
 896 0459 05       		.byte	0x5
 897 045a 19       		.byte	0x19
 898 045b 18       		.uleb128 0x18
 899 045c 00000000 		.4byte	.LASF36
 900 0460 00000000 		.4byte	.LASF36
 901 0464 0A       		.byte	0xa
 902 0465 1B       		.byte	0x1b
 903 0466 18       		.uleb128 0x18
 904 0467 E8010000 		.4byte	.LASF37
 905 046b E8010000 		.4byte	.LASF37
 906 046f 0A       		.byte	0xa
 907 0470 11       		.byte	0x11
 908 0471 18       		.uleb128 0x18
 909 0472 11000000 		.4byte	.LASF38
 910 0476 11000000 		.4byte	.LASF38
 911 047a 05       		.byte	0x5
 912 047b 17       		.byte	0x17
 913 047c 18       		.uleb128 0x18
 914 047d BB010000 		.4byte	.LASF39
 915 0481 BB010000 		.4byte	.LASF39
 916 0485 05       		.byte	0x5
 917 0486 1A       		.byte	0x1a
 918 0487 18       		.uleb128 0x18
 919 0488 F6010000 		.4byte	.LASF40
 920 048c F6010000 		.4byte	.LASF40
 921 0490 09       		.byte	0x9
 922 0491 0B       		.byte	0xb
 923 0492 19       		.uleb128 0x19
 924 0493 A9020000 		.4byte	.LASF41
 925 0497 A9020000 		.4byte	.LASF41
 926 049b 08       		.byte	0x8
 927 049c 3E05     		.2byte	0x53e
 928 049e 18       		.uleb128 0x18
ARM GAS  C:\Users\josephh\AppData\Local\Temp\ccwvwKvF.s 			page 25


 929 049f 8D000000 		.4byte	.LASF42
 930 04a3 8D000000 		.4byte	.LASF42
 931 04a7 0B       		.byte	0xb
 932 04a8 07       		.byte	0x7
 933 04a9 00       		.byte	0
 934              		.section	.debug_abbrev,"",%progbits
 935              	.Ldebug_abbrev0:
 936 0000 01       		.uleb128 0x1
 937 0001 11       		.uleb128 0x11
 938 0002 01       		.byte	0x1
 939 0003 25       		.uleb128 0x25
 940 0004 0E       		.uleb128 0xe
 941 0005 13       		.uleb128 0x13
 942 0006 0B       		.uleb128 0xb
 943 0007 03       		.uleb128 0x3
 944 0008 0E       		.uleb128 0xe
 945 0009 1B       		.uleb128 0x1b
 946 000a 0E       		.uleb128 0xe
 947 000b 55       		.uleb128 0x55
 948 000c 17       		.uleb128 0x17
 949 000d 11       		.uleb128 0x11
 950 000e 01       		.uleb128 0x1
 951 000f 10       		.uleb128 0x10
 952 0010 17       		.uleb128 0x17
 953 0011 00       		.byte	0
 954 0012 00       		.byte	0
 955 0013 02       		.uleb128 0x2
 956 0014 24       		.uleb128 0x24
 957 0015 00       		.byte	0
 958 0016 0B       		.uleb128 0xb
 959 0017 0B       		.uleb128 0xb
 960 0018 3E       		.uleb128 0x3e
 961 0019 0B       		.uleb128 0xb
 962 001a 03       		.uleb128 0x3
 963 001b 0E       		.uleb128 0xe
 964 001c 00       		.byte	0
 965 001d 00       		.byte	0
 966 001e 03       		.uleb128 0x3
 967 001f 16       		.uleb128 0x16
 968 0020 00       		.byte	0
 969 0021 03       		.uleb128 0x3
 970 0022 0E       		.uleb128 0xe
 971 0023 3A       		.uleb128 0x3a
 972 0024 0B       		.uleb128 0xb
 973 0025 3B       		.uleb128 0x3b
 974 0026 0B       		.uleb128 0xb
 975 0027 49       		.uleb128 0x49
 976 0028 13       		.uleb128 0x13
 977 0029 00       		.byte	0
 978 002a 00       		.byte	0
 979 002b 04       		.uleb128 0x4
 980 002c 24       		.uleb128 0x24
 981 002d 00       		.byte	0
 982 002e 0B       		.uleb128 0xb
 983 002f 0B       		.uleb128 0xb
 984 0030 3E       		.uleb128 0x3e
 985 0031 0B       		.uleb128 0xb
ARM GAS  C:\Users\josephh\AppData\Local\Temp\ccwvwKvF.s 			page 26


 986 0032 03       		.uleb128 0x3
 987 0033 08       		.uleb128 0x8
 988 0034 00       		.byte	0
 989 0035 00       		.byte	0
 990 0036 05       		.uleb128 0x5
 991 0037 0F       		.uleb128 0xf
 992 0038 00       		.byte	0
 993 0039 0B       		.uleb128 0xb
 994 003a 0B       		.uleb128 0xb
 995 003b 49       		.uleb128 0x49
 996 003c 13       		.uleb128 0x13
 997 003d 00       		.byte	0
 998 003e 00       		.byte	0
 999 003f 06       		.uleb128 0x6
 1000 0040 26       		.uleb128 0x26
 1001 0041 00       		.byte	0
 1002 0042 49       		.uleb128 0x49
 1003 0043 13       		.uleb128 0x13
 1004 0044 00       		.byte	0
 1005 0045 00       		.byte	0
 1006 0046 07       		.uleb128 0x7
 1007 0047 13       		.uleb128 0x13
 1008 0048 01       		.byte	0x1
 1009 0049 03       		.uleb128 0x3
 1010 004a 0E       		.uleb128 0xe
 1011 004b 0B       		.uleb128 0xb
 1012 004c 0B       		.uleb128 0xb
 1013 004d 3A       		.uleb128 0x3a
 1014 004e 0B       		.uleb128 0xb
 1015 004f 3B       		.uleb128 0x3b
 1016 0050 0B       		.uleb128 0xb
 1017 0051 01       		.uleb128 0x1
 1018 0052 13       		.uleb128 0x13
 1019 0053 00       		.byte	0
 1020 0054 00       		.byte	0
 1021 0055 08       		.uleb128 0x8
 1022 0056 0D       		.uleb128 0xd
 1023 0057 00       		.byte	0
 1024 0058 03       		.uleb128 0x3
 1025 0059 08       		.uleb128 0x8
 1026 005a 3A       		.uleb128 0x3a
 1027 005b 0B       		.uleb128 0xb
 1028 005c 3B       		.uleb128 0x3b
 1029 005d 0B       		.uleb128 0xb
 1030 005e 49       		.uleb128 0x49
 1031 005f 13       		.uleb128 0x13
 1032 0060 38       		.uleb128 0x38
 1033 0061 0B       		.uleb128 0xb
 1034 0062 00       		.byte	0
 1035 0063 00       		.byte	0
 1036 0064 09       		.uleb128 0x9
 1037 0065 2E       		.uleb128 0x2e
 1038 0066 01       		.byte	0x1
 1039 0067 3F       		.uleb128 0x3f
 1040 0068 19       		.uleb128 0x19
 1041 0069 03       		.uleb128 0x3
 1042 006a 0E       		.uleb128 0xe
ARM GAS  C:\Users\josephh\AppData\Local\Temp\ccwvwKvF.s 			page 27


 1043 006b 3A       		.uleb128 0x3a
 1044 006c 0B       		.uleb128 0xb
 1045 006d 3B       		.uleb128 0x3b
 1046 006e 05       		.uleb128 0x5
 1047 006f 27       		.uleb128 0x27
 1048 0070 19       		.uleb128 0x19
 1049 0071 11       		.uleb128 0x11
 1050 0072 01       		.uleb128 0x1
 1051 0073 12       		.uleb128 0x12
 1052 0074 06       		.uleb128 0x6
 1053 0075 40       		.uleb128 0x40
 1054 0076 18       		.uleb128 0x18
 1055 0077 9742     		.uleb128 0x2117
 1056 0079 19       		.uleb128 0x19
 1057 007a 01       		.uleb128 0x1
 1058 007b 13       		.uleb128 0x13
 1059 007c 00       		.byte	0
 1060 007d 00       		.byte	0
 1061 007e 0A       		.uleb128 0xa
 1062 007f 05       		.uleb128 0x5
 1063 0080 00       		.byte	0
 1064 0081 03       		.uleb128 0x3
 1065 0082 0E       		.uleb128 0xe
 1066 0083 3A       		.uleb128 0x3a
 1067 0084 0B       		.uleb128 0xb
 1068 0085 3B       		.uleb128 0x3b
 1069 0086 05       		.uleb128 0x5
 1070 0087 49       		.uleb128 0x49
 1071 0088 13       		.uleb128 0x13
 1072 0089 02       		.uleb128 0x2
 1073 008a 17       		.uleb128 0x17
 1074 008b 00       		.byte	0
 1075 008c 00       		.byte	0
 1076 008d 0B       		.uleb128 0xb
 1077 008e 898201   		.uleb128 0x4109
 1078 0091 00       		.byte	0
 1079 0092 11       		.uleb128 0x11
 1080 0093 01       		.uleb128 0x1
 1081 0094 31       		.uleb128 0x31
 1082 0095 13       		.uleb128 0x13
 1083 0096 00       		.byte	0
 1084 0097 00       		.byte	0
 1085 0098 0C       		.uleb128 0xc
 1086 0099 898201   		.uleb128 0x4109
 1087 009c 01       		.byte	0x1
 1088 009d 11       		.uleb128 0x11
 1089 009e 01       		.uleb128 0x1
 1090 009f 31       		.uleb128 0x31
 1091 00a0 13       		.uleb128 0x13
 1092 00a1 01       		.uleb128 0x1
 1093 00a2 13       		.uleb128 0x13
 1094 00a3 00       		.byte	0
 1095 00a4 00       		.byte	0
 1096 00a5 0D       		.uleb128 0xd
 1097 00a6 8A8201   		.uleb128 0x410a
 1098 00a9 00       		.byte	0
 1099 00aa 02       		.uleb128 0x2
ARM GAS  C:\Users\josephh\AppData\Local\Temp\ccwvwKvF.s 			page 28


 1100 00ab 18       		.uleb128 0x18
 1101 00ac 9142     		.uleb128 0x2111
 1102 00ae 18       		.uleb128 0x18
 1103 00af 00       		.byte	0
 1104 00b0 00       		.byte	0
 1105 00b1 0E       		.uleb128 0xe
 1106 00b2 898201   		.uleb128 0x4109
 1107 00b5 01       		.byte	0x1
 1108 00b6 11       		.uleb128 0x11
 1109 00b7 01       		.uleb128 0x1
 1110 00b8 31       		.uleb128 0x31
 1111 00b9 13       		.uleb128 0x13
 1112 00ba 00       		.byte	0
 1113 00bb 00       		.byte	0
 1114 00bc 0F       		.uleb128 0xf
 1115 00bd 2E       		.uleb128 0x2e
 1116 00be 01       		.byte	0x1
 1117 00bf 3F       		.uleb128 0x3f
 1118 00c0 19       		.uleb128 0x19
 1119 00c1 03       		.uleb128 0x3
 1120 00c2 0E       		.uleb128 0xe
 1121 00c3 3A       		.uleb128 0x3a
 1122 00c4 0B       		.uleb128 0xb
 1123 00c5 3B       		.uleb128 0x3b
 1124 00c6 05       		.uleb128 0x5
 1125 00c7 27       		.uleb128 0x27
 1126 00c8 19       		.uleb128 0x19
 1127 00c9 8701     		.uleb128 0x87
 1128 00cb 19       		.uleb128 0x19
 1129 00cc 11       		.uleb128 0x11
 1130 00cd 01       		.uleb128 0x1
 1131 00ce 12       		.uleb128 0x12
 1132 00cf 06       		.uleb128 0x6
 1133 00d0 40       		.uleb128 0x40
 1134 00d1 18       		.uleb128 0x18
 1135 00d2 9742     		.uleb128 0x2117
 1136 00d4 19       		.uleb128 0x19
 1137 00d5 01       		.uleb128 0x1
 1138 00d6 13       		.uleb128 0x13
 1139 00d7 00       		.byte	0
 1140 00d8 00       		.byte	0
 1141 00d9 10       		.uleb128 0x10
 1142 00da 34       		.uleb128 0x34
 1143 00db 00       		.byte	0
 1144 00dc 03       		.uleb128 0x3
 1145 00dd 08       		.uleb128 0x8
 1146 00de 3A       		.uleb128 0x3a
 1147 00df 0B       		.uleb128 0xb
 1148 00e0 3B       		.uleb128 0x3b
 1149 00e1 05       		.uleb128 0x5
 1150 00e2 49       		.uleb128 0x49
 1151 00e3 13       		.uleb128 0x13
 1152 00e4 02       		.uleb128 0x2
 1153 00e5 17       		.uleb128 0x17
 1154 00e6 00       		.byte	0
 1155 00e7 00       		.byte	0
 1156 00e8 11       		.uleb128 0x11
ARM GAS  C:\Users\josephh\AppData\Local\Temp\ccwvwKvF.s 			page 29


 1157 00e9 05       		.uleb128 0x5
 1158 00ea 00       		.byte	0
 1159 00eb 03       		.uleb128 0x3
 1160 00ec 08       		.uleb128 0x8
 1161 00ed 3A       		.uleb128 0x3a
 1162 00ee 0B       		.uleb128 0xb
 1163 00ef 3B       		.uleb128 0x3b
 1164 00f0 05       		.uleb128 0x5
 1165 00f1 49       		.uleb128 0x49
 1166 00f2 13       		.uleb128 0x13
 1167 00f3 02       		.uleb128 0x2
 1168 00f4 17       		.uleb128 0x17
 1169 00f5 00       		.byte	0
 1170 00f6 00       		.byte	0
 1171 00f7 12       		.uleb128 0x12
 1172 00f8 2E       		.uleb128 0x2e
 1173 00f9 01       		.byte	0x1
 1174 00fa 3F       		.uleb128 0x3f
 1175 00fb 19       		.uleb128 0x19
 1176 00fc 03       		.uleb128 0x3
 1177 00fd 0E       		.uleb128 0xe
 1178 00fe 3A       		.uleb128 0x3a
 1179 00ff 0B       		.uleb128 0xb
 1180 0100 3B       		.uleb128 0x3b
 1181 0101 0B       		.uleb128 0xb
 1182 0102 27       		.uleb128 0x27
 1183 0103 19       		.uleb128 0x19
 1184 0104 8701     		.uleb128 0x87
 1185 0106 19       		.uleb128 0x19
 1186 0107 11       		.uleb128 0x11
 1187 0108 01       		.uleb128 0x1
 1188 0109 12       		.uleb128 0x12
 1189 010a 06       		.uleb128 0x6
 1190 010b 40       		.uleb128 0x40
 1191 010c 18       		.uleb128 0x18
 1192 010d 9742     		.uleb128 0x2117
 1193 010f 19       		.uleb128 0x19
 1194 0110 01       		.uleb128 0x1
 1195 0111 13       		.uleb128 0x13
 1196 0112 00       		.byte	0
 1197 0113 00       		.byte	0
 1198 0114 13       		.uleb128 0x13
 1199 0115 34       		.uleb128 0x34
 1200 0116 00       		.byte	0
 1201 0117 03       		.uleb128 0x3
 1202 0118 0E       		.uleb128 0xe
 1203 0119 3A       		.uleb128 0x3a
 1204 011a 0B       		.uleb128 0xb
 1205 011b 3B       		.uleb128 0x3b
 1206 011c 0B       		.uleb128 0xb
 1207 011d 49       		.uleb128 0x49
 1208 011e 13       		.uleb128 0x13
 1209 011f 02       		.uleb128 0x2
 1210 0120 18       		.uleb128 0x18
 1211 0121 00       		.byte	0
 1212 0122 00       		.byte	0
 1213 0123 14       		.uleb128 0x14
ARM GAS  C:\Users\josephh\AppData\Local\Temp\ccwvwKvF.s 			page 30


 1214 0124 34       		.uleb128 0x34
 1215 0125 00       		.byte	0
 1216 0126 03       		.uleb128 0x3
 1217 0127 0E       		.uleb128 0xe
 1218 0128 3A       		.uleb128 0x3a
 1219 0129 0B       		.uleb128 0xb
 1220 012a 3B       		.uleb128 0x3b
 1221 012b 0B       		.uleb128 0xb
 1222 012c 49       		.uleb128 0x49
 1223 012d 13       		.uleb128 0x13
 1224 012e 02       		.uleb128 0x2
 1225 012f 17       		.uleb128 0x17
 1226 0130 00       		.byte	0
 1227 0131 00       		.byte	0
 1228 0132 15       		.uleb128 0x15
 1229 0133 34       		.uleb128 0x34
 1230 0134 00       		.byte	0
 1231 0135 03       		.uleb128 0x3
 1232 0136 08       		.uleb128 0x8
 1233 0137 3A       		.uleb128 0x3a
 1234 0138 0B       		.uleb128 0xb
 1235 0139 3B       		.uleb128 0x3b
 1236 013a 0B       		.uleb128 0xb
 1237 013b 49       		.uleb128 0x49
 1238 013c 13       		.uleb128 0x13
 1239 013d 02       		.uleb128 0x2
 1240 013e 18       		.uleb128 0x18
 1241 013f 00       		.byte	0
 1242 0140 00       		.byte	0
 1243 0141 16       		.uleb128 0x16
 1244 0142 34       		.uleb128 0x34
 1245 0143 00       		.byte	0
 1246 0144 03       		.uleb128 0x3
 1247 0145 0E       		.uleb128 0xe
 1248 0146 3A       		.uleb128 0x3a
 1249 0147 0B       		.uleb128 0xb
 1250 0148 3B       		.uleb128 0x3b
 1251 0149 05       		.uleb128 0x5
 1252 014a 49       		.uleb128 0x49
 1253 014b 13       		.uleb128 0x13
 1254 014c 3F       		.uleb128 0x3f
 1255 014d 19       		.uleb128 0x19
 1256 014e 3C       		.uleb128 0x3c
 1257 014f 19       		.uleb128 0x19
 1258 0150 00       		.byte	0
 1259 0151 00       		.byte	0
 1260 0152 17       		.uleb128 0x17
 1261 0153 35       		.uleb128 0x35
 1262 0154 00       		.byte	0
 1263 0155 49       		.uleb128 0x49
 1264 0156 13       		.uleb128 0x13
 1265 0157 00       		.byte	0
 1266 0158 00       		.byte	0
 1267 0159 18       		.uleb128 0x18
 1268 015a 2E       		.uleb128 0x2e
 1269 015b 00       		.byte	0
 1270 015c 3F       		.uleb128 0x3f
ARM GAS  C:\Users\josephh\AppData\Local\Temp\ccwvwKvF.s 			page 31


 1271 015d 19       		.uleb128 0x19
 1272 015e 3C       		.uleb128 0x3c
 1273 015f 19       		.uleb128 0x19
 1274 0160 6E       		.uleb128 0x6e
 1275 0161 0E       		.uleb128 0xe
 1276 0162 03       		.uleb128 0x3
 1277 0163 0E       		.uleb128 0xe
 1278 0164 3A       		.uleb128 0x3a
 1279 0165 0B       		.uleb128 0xb
 1280 0166 3B       		.uleb128 0x3b
 1281 0167 0B       		.uleb128 0xb
 1282 0168 00       		.byte	0
 1283 0169 00       		.byte	0
 1284 016a 19       		.uleb128 0x19
 1285 016b 2E       		.uleb128 0x2e
 1286 016c 00       		.byte	0
 1287 016d 3F       		.uleb128 0x3f
 1288 016e 19       		.uleb128 0x19
 1289 016f 3C       		.uleb128 0x3c
 1290 0170 19       		.uleb128 0x19
 1291 0171 6E       		.uleb128 0x6e
 1292 0172 0E       		.uleb128 0xe
 1293 0173 03       		.uleb128 0x3
 1294 0174 0E       		.uleb128 0xe
 1295 0175 3A       		.uleb128 0x3a
 1296 0176 0B       		.uleb128 0xb
 1297 0177 3B       		.uleb128 0x3b
 1298 0178 05       		.uleb128 0x5
 1299 0179 00       		.byte	0
 1300 017a 00       		.byte	0
 1301 017b 00       		.byte	0
 1302              		.section	.debug_loc,"",%progbits
 1303              	.Ldebug_loc0:
 1304              	.LLST0:
 1305 0000 00000000 		.4byte	.LVL0
 1306 0004 04000000 		.4byte	.LVL1
 1307 0008 0100     		.2byte	0x1
 1308 000a 50       		.byte	0x50
 1309 000b 04000000 		.4byte	.LVL1
 1310 000f 20000000 		.4byte	.LFE86
 1311 0013 0100     		.2byte	0x1
 1312 0015 54       		.byte	0x54
 1313 0016 00000000 		.4byte	0
 1314 001a 00000000 		.4byte	0
 1315              	.LLST1:
 1316 001e 02000000 		.4byte	.LVL6
 1317 0022 04000000 		.4byte	.LVL7
 1318 0026 0200     		.2byte	0x2
 1319 0028 30       		.byte	0x30
 1320 0029 9F       		.byte	0x9f
 1321 002a 04000000 		.4byte	.LVL7
 1322 002e 16000000 		.4byte	.LFE87
 1323 0032 0100     		.2byte	0x1
 1324 0034 54       		.byte	0x54
 1325 0035 00000000 		.4byte	0
 1326 0039 00000000 		.4byte	0
 1327              	.LLST2:
ARM GAS  C:\Users\josephh\AppData\Local\Temp\ccwvwKvF.s 			page 32


 1328 003d 00000000 		.4byte	.LVL11
 1329 0041 08000000 		.4byte	.LVL12
 1330 0045 0100     		.2byte	0x1
 1331 0047 50       		.byte	0x50
 1332 0048 08000000 		.4byte	.LVL12
 1333 004c 42000000 		.4byte	.LFE88
 1334 0050 0100     		.2byte	0x1
 1335 0052 54       		.byte	0x54
 1336 0053 00000000 		.4byte	0
 1337 0057 00000000 		.4byte	0
 1338              	.LLST3:
 1339 005b 04000000 		.4byte	.LVL18
 1340 005f 4E000000 		.4byte	.LVL30
 1341 0063 0200     		.2byte	0x2
 1342 0065 30       		.byte	0x30
 1343 0066 9F       		.byte	0x9f
 1344 0067 4E000000 		.4byte	.LVL30
 1345 006b AC000000 		.4byte	.LFE85
 1346 006f 0100     		.2byte	0x1
 1347 0071 54       		.byte	0x54
 1348 0072 00000000 		.4byte	0
 1349 0076 00000000 		.4byte	0
 1350              	.LLST4:
 1351 007a 04000000 		.4byte	.LVL18
 1352 007e 40000000 		.4byte	.LVL27
 1353 0082 0200     		.2byte	0x2
 1354 0084 30       		.byte	0x30
 1355 0085 9F       		.byte	0x9f
 1356 0086 40000000 		.4byte	.LVL27
 1357 008a 44000000 		.4byte	.LVL28
 1358 008e 0100     		.2byte	0x1
 1359 0090 50       		.byte	0x50
 1360 0091 44000000 		.4byte	.LVL28
 1361 0095 AC000000 		.4byte	.LFE85
 1362 0099 0100     		.2byte	0x1
 1363 009b 56       		.byte	0x56
 1364 009c 00000000 		.4byte	0
 1365 00a0 00000000 		.4byte	0
 1366              	.LLST5:
 1367 00a4 04000000 		.4byte	.LVL18
 1368 00a8 4E000000 		.4byte	.LVL30
 1369 00ac 0200     		.2byte	0x2
 1370 00ae 30       		.byte	0x30
 1371 00af 9F       		.byte	0x9f
 1372 00b0 4E000000 		.4byte	.LVL30
 1373 00b4 6C000000 		.4byte	.LVL34
 1374 00b8 0100     		.2byte	0x1
 1375 00ba 55       		.byte	0x55
 1376 00bb 6C000000 		.4byte	.LVL34
 1377 00bf 6E000000 		.4byte	.LVL35
 1378 00c3 0100     		.2byte	0x1
 1379 00c5 50       		.byte	0x50
 1380 00c6 6E000000 		.4byte	.LVL35
 1381 00ca AC000000 		.4byte	.LFE85
 1382 00ce 0100     		.2byte	0x1
 1383 00d0 55       		.byte	0x55
 1384 00d1 00000000 		.4byte	0
ARM GAS  C:\Users\josephh\AppData\Local\Temp\ccwvwKvF.s 			page 33


 1385 00d5 00000000 		.4byte	0
 1386              		.section	.debug_aranges,"",%progbits
 1387 0000 34000000 		.4byte	0x34
 1388 0004 0200     		.2byte	0x2
 1389 0006 00000000 		.4byte	.Ldebug_info0
 1390 000a 04       		.byte	0x4
 1391 000b 00       		.byte	0
 1392 000c 0000     		.2byte	0
 1393 000e 0000     		.2byte	0
 1394 0010 00000000 		.4byte	.LFB86
 1395 0014 20000000 		.4byte	.LFE86-.LFB86
 1396 0018 00000000 		.4byte	.LFB87
 1397 001c 16000000 		.4byte	.LFE87-.LFB87
 1398 0020 00000000 		.4byte	.LFB88
 1399 0024 42000000 		.4byte	.LFE88-.LFB88
 1400 0028 00000000 		.4byte	.LFB85
 1401 002c AC000000 		.4byte	.LFE85-.LFB85
 1402 0030 00000000 		.4byte	0
 1403 0034 00000000 		.4byte	0
 1404              		.section	.debug_ranges,"",%progbits
 1405              	.Ldebug_ranges0:
 1406 0000 00000000 		.4byte	.LFB86
 1407 0004 20000000 		.4byte	.LFE86
 1408 0008 00000000 		.4byte	.LFB87
 1409 000c 16000000 		.4byte	.LFE87
 1410 0010 00000000 		.4byte	.LFB88
 1411 0014 42000000 		.4byte	.LFE88
 1412 0018 00000000 		.4byte	.LFB85
 1413 001c AC000000 		.4byte	.LFE85
 1414 0020 00000000 		.4byte	0
 1415 0024 00000000 		.4byte	0
 1416              		.section	.debug_line,"",%progbits
 1417              	.Ldebug_line0:
 1418 0000 98020000 		.section	.debug_str,"MS",%progbits,1
 1418      0200F701 
 1418      00000201 
 1418      FB0E0D00 
 1418      01010101 
 1419              	.LASF36:
 1420 0000 49525F77 		.ascii	"IR_wait\000"
 1420      61697400 
 1421              	.LASF46:
 1422 0008 73656E73 		.ascii	"sensors_\000"
 1422      6F72735F 
 1422      00
 1423              	.LASF38:
 1424 0011 7265666C 		.ascii	"reflectance_start\000"
 1424      65637461 
 1424      6E63655F 
 1424      73746172 
 1424      7400
 1425              	.LASF21:
 1426 0023 5F426F6F 		.ascii	"_Bool\000"
 1426      6C00
 1427              	.LASF25:
 1428 0029 70726F67 		.ascii	"progEnd\000"
 1428      456E6400 
ARM GAS  C:\Users\josephh\AppData\Local\Temp\ccwvwKvF.s 			page 34


 1429              	.LASF5:
 1430 0031 5F5F696E 		.ascii	"__int32_t\000"
 1430      7433325F 
 1430      7400
 1431              	.LASF29:
 1432 003b 73746172 		.ascii	"start_T\000"
 1432      745F5400 
 1433              	.LASF45:
 1434 0043 433A5C55 		.ascii	"C:\\Users\\josephh\\Desktop\\Robo-3028\\Zumo\\ZumoB"
 1434      73657273 
 1434      5C6A6F73 
 1434      65706868 
 1434      5C446573 
 1435 0070 6F742E63 		.ascii	"ot.cydsn\000"
 1435      7964736E 
 1435      00
 1436              	.LASF35:
 1437 0079 7265666C 		.ascii	"reflectance_digital\000"
 1437      65637461 
 1437      6E63655F 
 1437      64696769 
 1437      74616C00 
 1438              	.LASF42:
 1439 008d 7072696E 		.ascii	"print_mqtt\000"
 1439      745F6D71 
 1439      747400
 1440              	.LASF15:
 1441 0098 666C6F61 		.ascii	"float\000"
 1441      7400
 1442              	.LASF24:
 1443 009e 64656C61 		.ascii	"delay\000"
 1443      7900
 1444              	.LASF1:
 1445 00a4 756E7369 		.ascii	"unsigned char\000"
 1445      676E6564 
 1445      20636861 
 1445      7200
 1446              	.LASF43:
 1447 00b2 474E5520 		.ascii	"GNU C11 5.4.1 20160609 (release) [ARM/embedded-5-br"
 1447      43313120 
 1447      352E342E 
 1447      31203230 
 1447      31363036 
 1448 00e5 616E6368 		.ascii	"anch revision 237715] -mcpu=cortex-m3 -mthumb -g -O"
 1448      20726576 
 1448      6973696F 
 1448      6E203233 
 1448      37373135 
 1449 0118 67202D66 		.ascii	"g -ffunction-sections -ffat-lto-objects\000"
 1449      66756E63 
 1449      74696F6E 
 1449      2D736563 
 1449      74696F6E 
 1450              	.LASF8:
 1451 0140 6C6F6E67 		.ascii	"long unsigned int\000"
 1451      20756E73 
 1451      69676E65 
ARM GAS  C:\Users\josephh\AppData\Local\Temp\ccwvwKvF.s 			page 35


 1451      6420696E 
 1451      7400
 1452              	.LASF3:
 1453 0152 73686F72 		.ascii	"short unsigned int\000"
 1453      7420756E 
 1453      7369676E 
 1453      65642069 
 1453      6E7400
 1454              	.LASF23:
 1455 0165 64726976 		.ascii	"drive_to_first_line\000"
 1455      655F746F 
 1455      5F666972 
 1455      73745F6C 
 1455      696E6500 
 1456              	.LASF47:
 1457 0179 49544D5F 		.ascii	"ITM_RxBuffer\000"
 1457      52784275 
 1457      66666572 
 1457      00
 1458              	.LASF34:
 1459 0186 6D6F746F 		.ascii	"motor_forward\000"
 1459      725F666F 
 1459      72776172 
 1459      6400
 1460              	.LASF4:
 1461 0194 5F5F7569 		.ascii	"__uint16_t\000"
 1461      6E743136 
 1461      5F7400
 1462              	.LASF16:
 1463 019f 646F7562 		.ascii	"double\000"
 1463      6C6500
 1464              	.LASF7:
 1465 01a6 5F5F7569 		.ascii	"__uint32_t\000"
 1465      6E743332 
 1465      5F7400
 1466              	.LASF22:
 1467 01b1 70726F67 		.ascii	"progStart\000"
 1467      53746172 
 1467      7400
 1468              	.LASF39:
 1469 01bb 7265666C 		.ascii	"reflectance_set_threshold\000"
 1469      65637461 
 1469      6E63655F 
 1469      7365745F 
 1469      74687265 
 1470              	.LASF26:
 1471 01d5 7A6D6169 		.ascii	"zmain\000"
 1471      6E00
 1472              	.LASF11:
 1473 01db 756E7369 		.ascii	"unsigned int\000"
 1473      676E6564 
 1473      20696E74 
 1473      00
 1474              	.LASF37:
 1475 01e8 49525F53 		.ascii	"IR_Start\000"
 1475      74617274 
 1475      00
ARM GAS  C:\Users\josephh\AppData\Local\Temp\ccwvwKvF.s 			page 36


 1476              	.LASF17:
 1477 01f1 63686172 		.ascii	"char\000"
 1477      00
 1478              	.LASF40:
 1479 01f6 6D6F746F 		.ascii	"motor_start\000"
 1479      725F7374 
 1479      61727400 
 1480              	.LASF31:
 1481 0202 5357315F 		.ascii	"SW1_Read\000"
 1481      52656164 
 1481      00
 1482              	.LASF13:
 1483 020b 696E7433 		.ascii	"int32_t\000"
 1483      325F7400 
 1484              	.LASF19:
 1485 0213 73697A65 		.ascii	"sizetype\000"
 1485      74797065 
 1485      00
 1486              	.LASF27:
 1487 021c 70726F6D 		.ascii	"prompt\000"
 1487      707400
 1488              	.LASF9:
 1489 0223 6C6F6E67 		.ascii	"long long int\000"
 1489      206C6F6E 
 1489      6720696E 
 1489      7400
 1490              	.LASF32:
 1491 0231 42617474 		.ascii	"BatteryLed_Write\000"
 1491      6572794C 
 1491      65645F57 
 1491      72697465 
 1491      00
 1492              	.LASF44:
 1493 0242 6D61696E 		.ascii	"main.c\000"
 1493      2E6300
 1494              	.LASF28:
 1495 0249 636F756E 		.ascii	"count\000"
 1495      7400
 1496              	.LASF2:
 1497 024f 73686F72 		.ascii	"short int\000"
 1497      7420696E 
 1497      7400
 1498              	.LASF12:
 1499 0259 75696E74 		.ascii	"uint16_t\000"
 1499      31365F74 
 1499      00
 1500              	.LASF14:
 1501 0262 75696E74 		.ascii	"uint32_t\000"
 1501      33325F74 
 1501      00
 1502              	.LASF6:
 1503 026b 6C6F6E67 		.ascii	"long int\000"
 1503      20696E74 
 1503      00
 1504              	.LASF33:
 1505 0274 76546173 		.ascii	"vTaskDelay\000"
 1505      6B44656C 
ARM GAS  C:\Users\josephh\AppData\Local\Temp\ccwvwKvF.s 			page 37


 1505      617900
 1506              	.LASF20:
 1507 027f 5469636B 		.ascii	"TickType_t\000"
 1507      54797065 
 1507      5F7400
 1508              	.LASF18:
 1509 028a 6C6F6E67 		.ascii	"long double\000"
 1509      20646F75 
 1509      626C6500 
 1510              	.LASF0:
 1511 0296 7369676E 		.ascii	"signed char\000"
 1511      65642063 
 1511      68617200 
 1512              	.LASF30:
 1513 02a2 73746F70 		.ascii	"stop_T\000"
 1513      5F5400
 1514              	.LASF41:
 1515 02a9 78546173 		.ascii	"xTaskGetTickCount\000"
 1515      6B476574 
 1515      5469636B 
 1515      436F756E 
 1515      7400
 1516              	.LASF10:
 1517 02bb 6C6F6E67 		.ascii	"long long unsigned int\000"
 1517      206C6F6E 
 1517      6720756E 
 1517      7369676E 
 1517      65642069 
 1518              		.ident	"GCC: (GNU Tools for ARM Embedded Processors) 5.4.1 20160609 (release) [ARM/embedded-5-bran
